#
# There is insufficient memory for the Java Runtime Environment to continue.
# Native memory allocation (malloc) failed to allocate 936336 bytes for Chunk::new
# Possible reasons:
#   The system is out of physical RAM or swap space
#   The process is running with CompressedOops enabled, and the Java Heap may be blocking the growth of the native heap
# Possible solutions:
#   Reduce memory load on the system
#   Increase physical memory or swap space
#   Check if swap backing store is full
#   Decrease Java heap size (-Xmx/-Xms)
#   Decrease number of Java threads
#   Decrease Java thread stack sizes (-Xss)
#   Set larger code cache with -XX:ReservedCodeCacheSize=
#   JVM is running with Unscaled Compressed Oops mode in which the Java heap is
#     placed in the first 4GB address space. The Java Heap base address is the
#     maximum limit for the native heap growth. Please use -XX:HeapBaseMinAddress
#     to set the Java Heap base and to place the Java Heap above 4GB virtual address.
# This output file may be truncated or incomplete.
#
#  Out of Memory Error (src/hotspot/share/memory/arena.cpp:197), pid=11552, tid=4192
#
# JRE version: OpenJDK Runtime Environment (11.0.15) (build 11.0.15+0-b2043.56-9505619)
# Java VM: OpenJDK 64-Bit Server VM (11.0.15+0-b2043.56-9505619, mixed mode, tiered, compressed oops, g1 gc, windows-amd64)
# No core dump will be written. Minidumps are not enabled by default on client versions of Windows
#

---------------  S U M M A R Y ------------

Command Line: --add-opens=java.base/java.util=ALL-UNNAMED --add-opens=java.base/java.lang=ALL-UNNAMED --add-opens=java.base/java.lang.invoke=ALL-UNNAMED --add-opens=java.base/java.util=ALL-UNNAMED --add-opens=java.prefs/java.util.prefs=ALL-UNNAMED --add-opens=java.prefs/java.util.prefs=ALL-UNNAMED --add-opens=java.base/java.nio.charset=ALL-UNNAMED --add-opens=java.base/java.net=ALL-UNNAMED --add-opens=java.base/java.util.concurrent.atomic=ALL-UNNAMED -Xmx2048m -Dfile.encoding=UTF-8 -Duser.country=US -Duser.language=en -Duser.variant org.gradle.launcher.daemon.bootstrap.GradleDaemon 7.5

Host: 11th Gen Intel(R) Core(TM) i5-1135G7 @ 2.40GHz, 8 cores, 15G,  Windows 11 , 64 bit Build 22621 (10.0.22621.2070)
Time: Wed Sep 13 10:57:08 2023 SE Asia Standard Time elapsed time: 5.767431 seconds (0d 0h 0m 5s)

---------------  T H R E A D  ---------------

Current thread (0x0000020d44baa000):  JavaThread "C2 CompilerThread0" daemon [_thread_in_native, id=4192, stack(0x0000000d2b400000,0x0000000d2b500000)]


Current CompileTask:
C2:   5767 5348       4       java.util.jar.JarFile::getManifest (5 bytes)

Stack: [0x0000000d2b400000,0x0000000d2b500000]
Native frames: (J=compiled Java code, j=interpreted, Vv=VM code, C=native code)
V  [jvm.dll+0x64135a]
V  [jvm.dll+0x7d39f9]
V  [jvm.dll+0x7d51b9]
V  [jvm.dll+0x7d58a3]
V  [jvm.dll+0x2691c5]
V  [jvm.dll+0xc1a5c]
V  [jvm.dll+0xc200c]
V  [jvm.dll+0x3774a7]
V  [jvm.dll+0x342495]
V  [jvm.dll+0x34186a]
V  [jvm.dll+0x2214bd]
V  [jvm.dll+0x220498]
V  [jvm.dll+0x19e851]
V  [jvm.dll+0x230479]
V  [jvm.dll+0x22e5ef]
V  [jvm.dll+0x794de1]
V  [jvm.dll+0x78dc24]
V  [jvm.dll+0x6400f6]
C  [ucrtbase.dll+0x29363]
C  [KERNEL32.DLL+0x126ad]
C  [ntdll.dll+0x5aa68]


---------------  P R O C E S S  ---------------

Threads class SMR info:
_java_thread_list=0x0000020d499b9900, length=121, elements={
0x0000020d27dac800, 0x0000020d44b48000, 0x0000020d44b48800, 0x0000020d44ba2800,
0x0000020d44ba5800, 0x0000020d44ba6800, 0x0000020d44baa000, 0x0000020d44bb5000,
0x0000020d44bb8800, 0x0000020d44d29000, 0x0000020d477f4800, 0x0000020d48696800,
0x0000020d48d30800, 0x0000020d480a5800, 0x0000020d48153000, 0x0000020d464ec000,
0x0000020d464ed000, 0x0000020d47ef5800, 0x0000020d47ef6000, 0x0000020d481cb800,
0x0000020d481c0000, 0x0000020d481be800, 0x0000020d481c1000, 0x0000020d481c1800,
0x0000020d481c2800, 0x0000020d481bd000, 0x0000020d481bf800, 0x0000020d481bd800,
0x0000020d481c3800, 0x0000020d48b31800, 0x0000020d48b31000, 0x0000020d48b32800,
0x0000020d48b33800, 0x0000020d48b30000, 0x0000020d48b39000, 0x0000020d48b3a800,
0x0000020d48b38000, 0x0000020d48b3a000, 0x0000020d48b3b800, 0x0000020d48b36800,
0x0000020d48b3c800, 0x0000020d48b3d000, 0x0000020d48b37800, 0x0000020d48b3e000,
0x0000020d48b3e800, 0x0000020d494a0800, 0x0000020d4949d000, 0x0000020d494a2000,
0x0000020d494a1000, 0x0000020d4949e000, 0x0000020d4949f800, 0x0000020d4949c000,
0x0000020d4949e800, 0x0000020d494a2800, 0x0000020d49481000, 0x0000020d4947d000,
0x0000020d4947d800, 0x0000020d4947e800, 0x0000020d4947c000, 0x0000020d49480000,
0x0000020d49482000, 0x0000020d49482800, 0x0000020d49483800, 0x0000020d49484800,
0x0000020d49485000, 0x0000020d4947f800, 0x0000020d49486000, 0x0000020d49487800,
0x0000020d4948a000, 0x0000020d49488800, 0x0000020d49486800, 0x0000020d49489000,
0x0000020d4948b000, 0x0000020d499a5800, 0x0000020d499a6800, 0x0000020d499a8000,
0x0000020d499a9000, 0x0000020d499a5000, 0x0000020d499a7800, 0x0000020d499a3800,
0x0000020d499aa000, 0x0000020d499a4000, 0x0000020d499af800, 0x0000020d499b0800,
0x0000020d499ad000, 0x0000020d499ac800, 0x0000020d499ae000, 0x0000020d499ab800,
0x0000020d499aa800, 0x0000020d499b1000, 0x0000020d499ae800, 0x0000020d499b2000,
0x0000020d498fc000, 0x0000020d498f9000, 0x0000020d498f8000, 0x0000020d498f9800,
0x0000020d498f7000, 0x0000020d498f6800, 0x0000020d498fb000, 0x0000020d498fe800,
0x0000020d498fd800, 0x0000020d498fd000, 0x0000020d498ff800, 0x0000020d49900000,
0x0000020d498fa800, 0x0000020d49904000, 0x0000020d49901000, 0x0000020d49905000,
0x0000020d49902000, 0x0000020d49902800, 0x0000020d49903800, 0x0000020d48e78800,
0x0000020d48e7a000, 0x0000020d48e79800, 0x0000020d48e76000, 0x0000020d48e7b000,
0x0000020d48e77800, 0x0000020d48e77000, 0x0000020d48e75800, 0x0000020d48e7c000,
0x0000020d48e7f000
}

Java Threads: ( => current thread )
  0x0000020d27dac800 JavaThread "main" [_thread_blocked, id=16984, stack(0x0000000d2a700000,0x0000000d2a800000)]
  0x0000020d44b48000 JavaThread "Reference Handler" daemon [_thread_blocked, id=7560, stack(0x0000000d2ae00000,0x0000000d2af00000)]
  0x0000020d44b48800 JavaThread "Finalizer" daemon [_thread_blocked, id=5548, stack(0x0000000d2af00000,0x0000000d2b000000)]
  0x0000020d44ba2800 JavaThread "Signal Dispatcher" daemon [_thread_blocked, id=13632, stack(0x0000000d2b100000,0x0000000d2b200000)]
  0x0000020d44ba5800 JavaThread "Attach Listener" daemon [_thread_blocked, id=14908, stack(0x0000000d2b200000,0x0000000d2b300000)]
  0x0000020d44ba6800 JavaThread "Service Thread" daemon [_thread_blocked, id=7224, stack(0x0000000d2b300000,0x0000000d2b400000)]
=>0x0000020d44baa000 JavaThread "C2 CompilerThread0" daemon [_thread_in_native, id=4192, stack(0x0000000d2b400000,0x0000000d2b500000)]
  0x0000020d44bb5000 JavaThread "C1 CompilerThread0" daemon [_thread_blocked, id=10580, stack(0x0000000d2b500000,0x0000000d2b600000)]
  0x0000020d44bb8800 JavaThread "Sweeper thread" daemon [_thread_blocked, id=13348, stack(0x0000000d2b600000,0x0000000d2b700000)]
  0x0000020d44d29000 JavaThread "Common-Cleaner" daemon [_thread_blocked, id=15748, stack(0x0000000d2b700000,0x0000000d2b800000)]
  0x0000020d477f4800 JavaThread "Daemon health stats" [_thread_blocked, id=16560, stack(0x0000000d2c000000,0x0000000d2c100000)]
  0x0000020d48696800 JavaThread "Incoming local TCP Connector on port 53067" [_thread_in_native, id=16228, stack(0x0000000d2c100000,0x0000000d2c200000)]
  0x0000020d48d30800 JavaThread "Daemon periodic checks" [_thread_blocked, id=17080, stack(0x0000000d2c200000,0x0000000d2c300000)]
  0x0000020d480a5800 JavaThread "Daemon" [_thread_blocked, id=13192, stack(0x0000000d2c300000,0x0000000d2c400000)]
  0x0000020d48153000 JavaThread "Handler for socket connection from /127.0.0.1:53067 to /127.0.0.1:53068" [_thread_in_native, id=14044, stack(0x0000000d2c400000,0x0000000d2c500000)]
  0x0000020d464ec000 JavaThread "Cancel handler" [_thread_blocked, id=17232, stack(0x0000000d2c500000,0x0000000d2c600000)]
  0x0000020d464ed000 JavaThread "Daemon worker" [_thread_in_vm, id=16784, stack(0x0000000d2c600000,0x0000000d2c700000)]
  0x0000020d47ef5800 JavaThread "Asynchronous log dispatcher for DefaultDaemonConnection: socket connection from /127.0.0.1:53067 to /127.0.0.1:53068" [_thread_blocked, id=15020, stack(0x0000000d2c700000,0x0000000d2c800000)]
  0x0000020d47ef6000 JavaThread "Stdin handler" [_thread_blocked, id=1740, stack(0x0000000d2c800000,0x0000000d2c900000)]
  0x0000020d481cb800 JavaThread "Daemon client event forwarder" [_thread_blocked, id=8848, stack(0x0000000d2c900000,0x0000000d2ca00000)]
  0x0000020d481c0000 JavaThread "Cache worker for journal cache (C:\Users\Acer\.gradle\caches\journal-1)" [_thread_blocked, id=13344, stack(0x0000000d2ca00000,0x0000000d2cb00000)]
  0x0000020d481be800 JavaThread "File lock request listener" [_thread_in_native, id=8076, stack(0x0000000d2cb00000,0x0000000d2cc00000)]
  0x0000020d481c1000 JavaThread "Cache worker for file hash cache (C:\Users\Acer\.gradle\caches\7.5\fileHashes)" [_thread_blocked, id=16496, stack(0x0000000d2cc00000,0x0000000d2cd00000)]
  0x0000020d481c1800 JavaThread "File watcher server" daemon [_thread_in_native, id=17392, stack(0x0000000d2d000000,0x0000000d2d100000)]
  0x0000020d481c2800 JavaThread "File watcher consumer" daemon [_thread_blocked, id=15264, stack(0x0000000d2d100000,0x0000000d2d200000)]
  0x0000020d481bd000 JavaThread "Cache worker for checksums cache (C:\Users\Acer\AndroidStudioProjects\MyApplication\.gradle\7.5\checksums)" [_thread_blocked, id=2356, stack(0x0000000d2d200000,0x0000000d2d300000)]
  0x0000020d481bf800 JavaThread "Cache worker for cache directory md-rule (C:\Users\Acer\.gradle\caches\7.5\md-rule)" [_thread_blocked, id=16768, stack(0x0000000d2d300000,0x0000000d2d400000)]
  0x0000020d481bd800 JavaThread "Cache worker for file content cache (C:\Users\Acer\.gradle\caches\7.5\fileContent)" [_thread_blocked, id=16808, stack(0x0000000d2d400000,0x0000000d2d500000)]
  0x0000020d481c3800 JavaThread "Cache worker for file hash cache (C:\Users\Acer\AndroidStudioProjects\MyApplication\.gradle\7.5\fileHashes)" [_thread_blocked, id=16860, stack(0x0000000d2d500000,0x0000000d2d600000)]
  0x0000020d48b31800 JavaThread "Cache worker for cache directory md-supplier (C:\Users\Acer\.gradle\caches\7.5\md-supplier)" [_thread_blocked, id=17212, stack(0x0000000d2d600000,0x0000000d2d700000)]
  0x0000020d48b31000 JavaThread "Cache worker for execution history cache (C:\Users\Acer\.gradle\caches\7.5\executionHistory)" [_thread_blocked, id=14556, stack(0x0000000d2d700000,0x0000000d2d800000)]
  0x0000020d48b32800 JavaThread "jar transforms" [_thread_blocked, id=11448, stack(0x0000000d2bf00000,0x0000000d2c000000)]
  0x0000020d48b33800 JavaThread "jar transforms Thread 2" [_thread_blocked, id=16032, stack(0x0000000d2d800000,0x0000000d2d900000)]
  0x0000020d48b30000 JavaThread "jar transforms Thread 3" [_thread_blocked, id=8472, stack(0x0000000d2da00000,0x0000000d2db00000)]
  0x0000020d48b39000 JavaThread "jar transforms Thread 4" [_thread_blocked, id=16020, stack(0x0000000d2db00000,0x0000000d2dc00000)]
  0x0000020d48b3a800 JavaThread "Cache worker for dependencies-accessors (C:\Users\Acer\AndroidStudioProjects\MyApplication\.gradle\7.5\dependencies-accessors)" [_thread_blocked, id=6696, stack(0x0000000d2dc00000,0x0000000d2dd00000)]
  0x0000020d48b38000 JavaThread "jar transforms Thread 5" [_thread_blocked, id=12236, stack(0x0000000d2dd00000,0x0000000d2de00000)]
  0x0000020d48b3a000 JavaThread "Cache worker for Build Output Cleanup Cache (C:\Users\Acer\AndroidStudioProjects\MyApplication\.gradle\buildOutputCleanup)" [_thread_blocked, id=14356, stack(0x0000000d2de00000,0x0000000d2df00000)]
  0x0000020d48b3b800 JavaThread "Unconstrained build operations" [_thread_blocked, id=5452, stack(0x0000000d2df00000,0x0000000d2e000000)]
  0x0000020d48b36800 JavaThread "Unconstrained build operations Thread 2" [_thread_blocked, id=16504, stack(0x0000000d2e000000,0x0000000d2e100000)]
  0x0000020d48b3c800 JavaThread "Unconstrained build operations Thread 3" [_thread_blocked, id=14924, stack(0x0000000d2e100000,0x0000000d2e200000)]
  0x0000020d48b3d000 JavaThread "Unconstrained build operations Thread 4" [_thread_blocked, id=4472, stack(0x0000000d2e200000,0x0000000d2e300000)]
  0x0000020d48b37800 JavaThread "Unconstrained build operations Thread 5" [_thread_blocked, id=17204, stack(0x0000000d2e300000,0x0000000d2e400000)]
  0x0000020d48b3e000 JavaThread "Unconstrained build operations Thread 6" [_thread_blocked, id=1304, stack(0x0000000d2e400000,0x0000000d2e500000)]
  0x0000020d48b3e800 JavaThread "Unconstrained build operations Thread 7" [_thread_blocked, id=10636, stack(0x0000000d2e500000,0x0000000d2e600000)]
  0x0000020d494a0800 JavaThread "Unconstrained build operations Thread 8" [_thread_blocked, id=14640, stack(0x0000000d2e600000,0x0000000d2e700000)]
  0x0000020d4949d000 JavaThread "Unconstrained build operations Thread 9" [_thread_blocked, id=17052, stack(0x0000000d2e700000,0x0000000d2e800000)]
  0x0000020d494a2000 JavaThread "Unconstrained build operations Thread 10" [_thread_blocked, id=6784, stack(0x0000000d2e800000,0x0000000d2e900000)]
  0x0000020d494a1000 JavaThread "Unconstrained build operations Thread 11" [_thread_blocked, id=16844, stack(0x0000000d2e900000,0x0000000d2ea00000)]
  0x0000020d4949e000 JavaThread "Unconstrained build operations Thread 12" [_thread_blocked, id=15104, stack(0x0000000d2ea00000,0x0000000d2eb00000)]
  0x0000020d4949f800 JavaThread "Unconstrained build operations Thread 13" [_thread_blocked, id=17324, stack(0x0000000d2eb00000,0x0000000d2ec00000)]
  0x0000020d4949c000 JavaThread "Unconstrained build operations Thread 14" [_thread_blocked, id=16744, stack(0x0000000d2ec00000,0x0000000d2ed00000)]
  0x0000020d4949e800 JavaThread "Unconstrained build operations Thread 15" [_thread_blocked, id=6920, stack(0x0000000d2ed00000,0x0000000d2ee00000)]
  0x0000020d494a2800 JavaThread "Unconstrained build operations Thread 16" [_thread_blocked, id=11816, stack(0x0000000d2ee00000,0x0000000d2ef00000)]
  0x0000020d49481000 JavaThread "Unconstrained build operations Thread 17" [_thread_blocked, id=5516, stack(0x0000000d2ef00000,0x0000000d2f000000)]
  0x0000020d4947d000 JavaThread "Unconstrained build operations Thread 18" [_thread_blocked, id=6912, stack(0x0000000d2f000000,0x0000000d2f100000)]
  0x0000020d4947d800 JavaThread "Unconstrained build operations Thread 19" [_thread_blocked, id=16688, stack(0x0000000d2f100000,0x0000000d2f200000)]
  0x0000020d4947e800 JavaThread "Unconstrained build operations Thread 20" [_thread_blocked, id=15892, stack(0x0000000d2f200000,0x0000000d2f300000)]
  0x0000020d4947c000 JavaThread "Unconstrained build operations Thread 21" [_thread_blocked, id=4352, stack(0x0000000d2f300000,0x0000000d2f400000)]
  0x0000020d49480000 JavaThread "Unconstrained build operations Thread 22" [_thread_blocked, id=12232, stack(0x0000000d2f400000,0x0000000d2f500000)]
  0x0000020d49482000 JavaThread "Unconstrained build operations Thread 23" [_thread_blocked, id=12196, stack(0x0000000d2f500000,0x0000000d2f600000)]
  0x0000020d49482800 JavaThread "Unconstrained build operations Thread 24" [_thread_blocked, id=16728, stack(0x0000000d2f600000,0x0000000d2f700000)]
  0x0000020d49483800 JavaThread "Unconstrained build operations Thread 25" [_thread_blocked, id=288, stack(0x0000000d2f700000,0x0000000d2f800000)]
  0x0000020d49484800 JavaThread "Unconstrained build operations Thread 26" [_thread_blocked, id=1184, stack(0x0000000d2f800000,0x0000000d2f900000)]
  0x0000020d49485000 JavaThread "Unconstrained build operations Thread 27" [_thread_blocked, id=16592, stack(0x0000000d2f900000,0x0000000d2fa00000)]
  0x0000020d4947f800 JavaThread "Unconstrained build operations Thread 28" [_thread_blocked, id=15356, stack(0x0000000d2fa00000,0x0000000d2fb00000)]
  0x0000020d49486000 JavaThread "Unconstrained build operations Thread 29" [_thread_blocked, id=8600, stack(0x0000000d2fb00000,0x0000000d2fc00000)]
  0x0000020d49487800 JavaThread "Unconstrained build operations Thread 30" [_thread_blocked, id=2668, stack(0x0000000d2fc00000,0x0000000d2fd00000)]
  0x0000020d4948a000 JavaThread "Unconstrained build operations Thread 31" [_thread_blocked, id=1496, stack(0x0000000d2fd00000,0x0000000d2fe00000)]
  0x0000020d49488800 JavaThread "Unconstrained build operations Thread 32" [_thread_blocked, id=16464, stack(0x0000000d2fe00000,0x0000000d2ff00000)]
  0x0000020d49486800 JavaThread "Unconstrained build operations Thread 33" [_thread_blocked, id=17300, stack(0x0000000d2ff00000,0x0000000d30000000)]
  0x0000020d49489000 JavaThread "Unconstrained build operations Thread 34" [_thread_blocked, id=17016, stack(0x0000000d30000000,0x0000000d30100000)]
  0x0000020d4948b000 JavaThread "Unconstrained build operations Thread 35" [_thread_blocked, id=16884, stack(0x0000000d30100000,0x0000000d30200000)]
  0x0000020d499a5800 JavaThread "Unconstrained build operations Thread 36" [_thread_blocked, id=7972, stack(0x0000000d30200000,0x0000000d30300000)]
  0x0000020d499a6800 JavaThread "Unconstrained build operations Thread 37" [_thread_blocked, id=6676, stack(0x0000000d30300000,0x0000000d30400000)]
  0x0000020d499a8000 JavaThread "Unconstrained build operations Thread 38" [_thread_blocked, id=11860, stack(0x0000000d30400000,0x0000000d30500000)]
  0x0000020d499a9000 JavaThread "Unconstrained build operations Thread 39" [_thread_blocked, id=8168, stack(0x0000000d30500000,0x0000000d30600000)]
  0x0000020d499a5000 JavaThread "Unconstrained build operations Thread 40" [_thread_blocked, id=14068, stack(0x0000000d30600000,0x0000000d30700000)]
  0x0000020d499a7800 JavaThread "Unconstrained build operations Thread 41" [_thread_blocked, id=7260, stack(0x0000000d30700000,0x0000000d30800000)]
  0x0000020d499a3800 JavaThread "Unconstrained build operations Thread 42" [_thread_blocked, id=16584, stack(0x0000000d30800000,0x0000000d30900000)]
  0x0000020d499aa000 JavaThread "Unconstrained build operations Thread 43" [_thread_blocked, id=8724, stack(0x0000000d30900000,0x0000000d30a00000)]
  0x0000020d499a4000 JavaThread "Unconstrained build operations Thread 44" [_thread_blocked, id=13932, stack(0x0000000d30a00000,0x0000000d30b00000)]
  0x0000020d499af800 JavaThread "Unconstrained build operations Thread 45" [_thread_blocked, id=11856, stack(0x0000000d30b00000,0x0000000d30c00000)]
  0x0000020d499b0800 JavaThread "Unconstrained build operations Thread 46" [_thread_blocked, id=14780, stack(0x0000000d30c00000,0x0000000d30d00000)]
  0x0000020d499ad000 JavaThread "Unconstrained build operations Thread 47" [_thread_blocked, id=12364, stack(0x0000000d30d00000,0x0000000d30e00000)]
  0x0000020d499ac800 JavaThread "Unconstrained build operations Thread 48" [_thread_blocked, id=13364, stack(0x0000000d30e00000,0x0000000d30f00000)]
  0x0000020d499ae000 JavaThread "Unconstrained build operations Thread 49" [_thread_blocked, id=16260, stack(0x0000000d30f00000,0x0000000d31000000)]
  0x0000020d499ab800 JavaThread "Unconstrained build operations Thread 50" [_thread_blocked, id=1120, stack(0x0000000d31000000,0x0000000d31100000)]
  0x0000020d499aa800 JavaThread "Unconstrained build operations Thread 51" [_thread_blocked, id=3736, stack(0x0000000d31100000,0x0000000d31200000)]
  0x0000020d499b1000 JavaThread "Unconstrained build operations Thread 52" [_thread_blocked, id=10868, stack(0x0000000d31200000,0x0000000d31300000)]
  0x0000020d499ae800 JavaThread "Unconstrained build operations Thread 53" [_thread_blocked, id=1912, stack(0x0000000d31300000,0x0000000d31400000)]
  0x0000020d499b2000 JavaThread "Unconstrained build operations Thread 54" [_thread_blocked, id=15848, stack(0x0000000d31400000,0x0000000d31500000)]
  0x0000020d498fc000 JavaThread "Unconstrained build operations Thread 55" [_thread_blocked, id=14604, stack(0x0000000d31500000,0x0000000d31600000)]
  0x0000020d498f9000 JavaThread "Unconstrained build operations Thread 56" [_thread_blocked, id=16880, stack(0x0000000d31600000,0x0000000d31700000)]
  0x0000020d498f8000 JavaThread "Unconstrained build operations Thread 57" [_thread_blocked, id=3916, stack(0x0000000d31700000,0x0000000d31800000)]
  0x0000020d498f9800 JavaThread "Unconstrained build operations Thread 58" [_thread_blocked, id=13736, stack(0x0000000d31800000,0x0000000d31900000)]
  0x0000020d498f7000 JavaThread "Unconstrained build operations Thread 59" [_thread_blocked, id=16240, stack(0x0000000d31900000,0x0000000d31a00000)]
  0x0000020d498f6800 JavaThread "Unconstrained build operations Thread 60" [_thread_blocked, id=4560, stack(0x0000000d31a00000,0x0000000d31b00000)]
  0x0000020d498fb000 JavaThread "Unconstrained build operations Thread 61" [_thread_blocked, id=14756, stack(0x0000000d31b00000,0x0000000d31c00000)]
  0x0000020d498fe800 JavaThread "Unconstrained build operations Thread 62" [_thread_blocked, id=16652, stack(0x0000000d31c00000,0x0000000d31d00000)]
  0x0000020d498fd800 JavaThread "Unconstrained build operations Thread 63" [_thread_blocked, id=14424, stack(0x0000000d31d00000,0x0000000d31e00000)]
  0x0000020d498fd000 JavaThread "Unconstrained build operations Thread 64" [_thread_blocked, id=17028, stack(0x0000000d31e00000,0x0000000d31f00000)]
  0x0000020d498ff800 JavaThread "Unconstrained build operations Thread 65" [_thread_blocked, id=6088, stack(0x0000000d31f00000,0x0000000d32000000)]
  0x0000020d49900000 JavaThread "Unconstrained build operations Thread 66" [_thread_blocked, id=8780, stack(0x0000000d32000000,0x0000000d32100000)]
  0x0000020d498fa800 JavaThread "Unconstrained build operations Thread 67" [_thread_blocked, id=14452, stack(0x0000000d32100000,0x0000000d32200000)]
  0x0000020d49904000 JavaThread "Unconstrained build operations Thread 68" [_thread_blocked, id=12368, stack(0x0000000d32200000,0x0000000d32300000)]
  0x0000020d49901000 JavaThread "Unconstrained build operations Thread 69" [_thread_blocked, id=7760, stack(0x0000000d32300000,0x0000000d32400000)]
  0x0000020d49905000 JavaThread "Unconstrained build operations Thread 70" [_thread_blocked, id=12916, stack(0x0000000d32400000,0x0000000d32500000)]
  0x0000020d49902000 JavaThread "Unconstrained build operations Thread 71" [_thread_blocked, id=16472, stack(0x0000000d32500000,0x0000000d32600000)]
  0x0000020d49902800 JavaThread "Unconstrained build operations Thread 72" [_thread_blocked, id=16612, stack(0x0000000d32600000,0x0000000d32700000)]
  0x0000020d49903800 JavaThread "Unconstrained build operations Thread 73" [_thread_blocked, id=15884, stack(0x0000000d32700000,0x0000000d32800000)]
  0x0000020d48e78800 JavaThread "Unconstrained build operations Thread 74" [_thread_blocked, id=11380, stack(0x0000000d32800000,0x0000000d32900000)]
  0x0000020d48e7a000 JavaThread "Unconstrained build operations Thread 75" [_thread_blocked, id=1688, stack(0x0000000d32900000,0x0000000d32a00000)]
  0x0000020d48e79800 JavaThread "Unconstrained build operations Thread 76" [_thread_blocked, id=14788, stack(0x0000000d32a00000,0x0000000d32b00000)]
  0x0000020d48e76000 JavaThread "Unconstrained build operations Thread 77" [_thread_blocked, id=15324, stack(0x0000000d32b00000,0x0000000d32c00000)]
  0x0000020d48e7b000 JavaThread "Unconstrained build operations Thread 78" [_thread_blocked, id=9020, stack(0x0000000d32c00000,0x0000000d32d00000)]
  0x0000020d48e77800 JavaThread "Unconstrained build operations Thread 79" [_thread_blocked, id=16896, stack(0x0000000d32d00000,0x0000000d32e00000)]
  0x0000020d48e77000 JavaThread "Unconstrained build operations Thread 80" [_thread_blocked, id=14536, stack(0x0000000d32e00000,0x0000000d32f00000)]
  0x0000020d48e75800 JavaThread "jar transforms Thread 6" [_thread_blocked, id=13368, stack(0x0000000d32f00000,0x0000000d33000000)]
  0x0000020d48e7c000 JavaThread "jar transforms Thread 7" [_thread_blocked, id=2896, stack(0x0000000d33000000,0x0000000d33100000)]
  0x0000020d48e7f000 JavaThread "jar transforms Thread 8" [_thread_blocked, id=16388, stack(0x0000000d33100000,0x0000000d33200000)]

Other Threads:
  0x0000020d44b44000 VMThread "VM Thread" [stack: 0x0000000d2ad00000,0x0000000d2ae00000] [id=4972]
  0x0000020d44d4e000 WatcherThread [stack: 0x0000000d2b800000,0x0000000d2b900000] [id=13228]
  0x0000020d29e39800 GCTaskThread "GC Thread#0" [stack: 0x0000000d2a800000,0x0000000d2a900000] [id=2136]
  0x0000020d4613d800 GCTaskThread "GC Thread#1" [stack: 0x0000000d2ba00000,0x0000000d2bb00000] [id=15932]
  0x0000020d4595f800 GCTaskThread "GC Thread#2" [stack: 0x0000000d2bb00000,0x0000000d2bc00000] [id=7968]
  0x0000020d45ebc800 GCTaskThread "GC Thread#3" [stack: 0x0000000d2bc00000,0x0000000d2bd00000] [id=13800]
  0x0000020d45eba000 GCTaskThread "GC Thread#4" [stack: 0x0000000d2bd00000,0x0000000d2be00000] [id=14992]
  0x0000020d46330800 GCTaskThread "GC Thread#5" [stack: 0x0000000d2be00000,0x0000000d2bf00000] [id=4996]
  0x0000020d46334800 GCTaskThread "GC Thread#6" [stack: 0x0000000d2cd00000,0x0000000d2ce00000] [id=2392]
  0x0000020d4632f800 GCTaskThread "GC Thread#7" [stack: 0x0000000d2ce00000,0x0000000d2cf00000] [id=10164]
  0x0000020d29e6c000 ConcurrentGCThread "G1 Main Marker" [stack: 0x0000000d2a900000,0x0000000d2aa00000] [id=10860]
  0x0000020d29e6e000 ConcurrentGCThread "G1 Conc#0" [stack: 0x0000000d2aa00000,0x0000000d2ab00000] [id=16912]
  0x0000020d4632e000 ConcurrentGCThread "G1 Conc#1" [stack: 0x0000000d2cf00000,0x0000000d2d000000] [id=11416]
  0x0000020d44190800 ConcurrentGCThread "G1 Refine#0" [stack: 0x0000000d2ab00000,0x0000000d2ac00000] [id=4180]
  0x0000020d44191800 ConcurrentGCThread "G1 Young RemSet Sampling" [stack: 0x0000000d2ac00000,0x0000000d2ad00000] [id=17020]

Threads with active compile tasks:
C2 CompilerThread0     5792 5348       4       java.util.jar.JarFile::getManifest (5 bytes)

VM state:not at safepoint (normal execution)

VM Mutex/Monitor currently owned by a thread: None

Heap address: 0x0000000080000000, size: 2048 MB, Compressed Oops mode: 32-bit
Narrow klass base: 0x0000000000000000, Narrow klass shift: 3
Compressed class space size: 1073741824 Address: 0x0000000100000000

Heap:
 garbage-first heap   total 260096K, used 150444K [0x0000000080000000, 0x0000000100000000)
  region size 1024K, 129 young (132096K), 14 survivors (14336K)
 Metaspace       used 51994K, capacity 53298K, committed 53456K, reserved 1095680K
  class space    used 6603K, capacity 7137K, committed 7244K, reserved 1048576K
Heap Regions: E=young(eden), S=young(survivor), O=old, HS=humongous(starts), HC=humongous(continues), CS=collection set, F=free, A=archive, TAMS=top-at-mark-start (previous, next)
|   0|0x0000000080000000, 0x0000000080100000, 0x0000000080100000|100%| O|  |TAMS 0x0000000080100000, 0x0000000080000000| Untracked 
|   1|0x0000000080100000, 0x0000000080200000, 0x0000000080200000|100%| O|  |TAMS 0x0000000080200000, 0x0000000080100000| Untracked 
|   2|0x0000000080200000, 0x0000000080300000, 0x0000000080300000|100%| O|  |TAMS 0x0000000080300000, 0x0000000080200000| Untracked 
|   3|0x0000000080300000, 0x0000000080400000, 0x0000000080400000|100%|HS|  |TAMS 0x0000000080400000, 0x0000000080300000| Complete 
|   4|0x0000000080400000, 0x0000000080500000, 0x0000000080500000|100%|HC|  |TAMS 0x0000000080500000, 0x0000000080400000| Complete 
|   5|0x0000000080500000, 0x0000000080600000, 0x0000000080600000|100%|HC|  |TAMS 0x0000000080600000, 0x0000000080500000| Complete 
|   6|0x0000000080600000, 0x0000000080700000, 0x0000000080700000|100%| O|  |TAMS 0x0000000080700000, 0x0000000080600000| Untracked 
|   7|0x0000000080700000, 0x0000000080800000, 0x0000000080800000|100%| O|  |TAMS 0x0000000080800000, 0x0000000080700000| Untracked 
|   8|0x0000000080800000, 0x0000000080900000, 0x0000000080900000|100%| O|  |TAMS 0x0000000080900000, 0x0000000080800000| Untracked 
|   9|0x0000000080900000, 0x0000000080a00000, 0x0000000080a00000|100%| O|  |TAMS 0x0000000080a00000, 0x0000000080900000| Untracked 
|  10|0x0000000080a00000, 0x0000000080b00000, 0x0000000080b00000|100%| O|  |TAMS 0x0000000080b00000, 0x0000000080a00000| Untracked 
|  11|0x0000000080b00000, 0x0000000080c00000, 0x0000000080c00000|100%| O|  |TAMS 0x0000000080c00000, 0x0000000080b00000| Untracked 
|  12|0x0000000080c00000, 0x0000000080d00000, 0x0000000080d00000|100%| O|  |TAMS 0x0000000080d00000, 0x0000000080c00000| Untracked 
|  13|0x0000000080d00000, 0x0000000080e00000, 0x0000000080e00000|100%| O|  |TAMS 0x0000000080e00000, 0x0000000080d00000| Untracked 
|  14|0x0000000080e00000, 0x0000000080f00000, 0x0000000080f00000|100%| O|  |TAMS 0x0000000080f00000, 0x0000000080e00000| Untracked 
|  15|0x0000000080f00000, 0x0000000081000000, 0x0000000081000000|100%| O|  |TAMS 0x0000000081000000, 0x0000000080f00000| Untracked 
|  16|0x0000000081000000, 0x0000000081075400, 0x0000000081100000| 45%| O|  |TAMS 0x0000000081075400, 0x0000000081000000| Untracked 
|  17|0x0000000081100000, 0x0000000081200000, 0x0000000081200000|100%|HS|  |TAMS 0x0000000081100000, 0x0000000081100000| Complete 
|  18|0x0000000081200000, 0x0000000081300000, 0x0000000081300000|100%|HS|  |TAMS 0x0000000081200000, 0x0000000081200000| Complete 
|  19|0x0000000081300000, 0x0000000081400000, 0x0000000081400000|100%|HS|  |TAMS 0x0000000081300000, 0x0000000081300000| Complete 
|  20|0x0000000081400000, 0x0000000081400000, 0x0000000081500000|  0%| F|  |TAMS 0x0000000081400000, 0x0000000081400000| Untracked 
|  21|0x0000000081500000, 0x0000000081500000, 0x0000000081600000|  0%| F|  |TAMS 0x0000000081500000, 0x0000000081500000| Untracked 
|  22|0x0000000081600000, 0x0000000081600000, 0x0000000081700000|  0%| F|  |TAMS 0x0000000081600000, 0x0000000081600000| Untracked 
|  23|0x0000000081700000, 0x0000000081700000, 0x0000000081800000|  0%| F|  |TAMS 0x0000000081700000, 0x0000000081700000| Untracked 
|  24|0x0000000081800000, 0x0000000081800000, 0x0000000081900000|  0%| F|  |TAMS 0x0000000081800000, 0x0000000081800000| Untracked 
|  25|0x0000000081900000, 0x0000000081900000, 0x0000000081a00000|  0%| F|  |TAMS 0x0000000081900000, 0x0000000081900000| Untracked 
|  26|0x0000000081a00000, 0x0000000081a00000, 0x0000000081b00000|  0%| F|  |TAMS 0x0000000081a00000, 0x0000000081a00000| Untracked 
|  27|0x0000000081b00000, 0x0000000081b00000, 0x0000000081c00000|  0%| F|  |TAMS 0x0000000081b00000, 0x0000000081b00000| Untracked 
|  28|0x0000000081c00000, 0x0000000081c00000, 0x0000000081d00000|  0%| F|  |TAMS 0x0000000081c00000, 0x0000000081c00000| Untracked 
|  29|0x0000000081d00000, 0x0000000081d00000, 0x0000000081e00000|  0%| F|  |TAMS 0x0000000081d00000, 0x0000000081d00000| Untracked 
|  30|0x0000000081e00000, 0x0000000081e00000, 0x0000000081f00000|  0%| F|  |TAMS 0x0000000081e00000, 0x0000000081e00000| Untracked 
|  31|0x0000000081f00000, 0x0000000081f00000, 0x0000000082000000|  0%| F|  |TAMS 0x0000000081f00000, 0x0000000081f00000| Untracked 
|  32|0x0000000082000000, 0x0000000082000000, 0x0000000082100000|  0%| F|  |TAMS 0x0000000082000000, 0x0000000082000000| Untracked 
|  33|0x0000000082100000, 0x0000000082100000, 0x0000000082200000|  0%| F|  |TAMS 0x0000000082100000, 0x0000000082100000| Untracked 
|  34|0x0000000082200000, 0x0000000082200000, 0x0000000082300000|  0%| F|  |TAMS 0x0000000082200000, 0x0000000082200000| Untracked 
|  35|0x0000000082300000, 0x0000000082300000, 0x0000000082400000|  0%| F|  |TAMS 0x0000000082300000, 0x0000000082300000| Untracked 
|  36|0x0000000082400000, 0x0000000082400000, 0x0000000082500000|  0%| F|  |TAMS 0x0000000082400000, 0x0000000082400000| Untracked 
|  37|0x0000000082500000, 0x0000000082500000, 0x0000000082600000|  0%| F|  |TAMS 0x0000000082500000, 0x0000000082500000| Untracked 
|  38|0x0000000082600000, 0x0000000082600000, 0x0000000082700000|  0%| F|  |TAMS 0x0000000082600000, 0x0000000082600000| Untracked 
|  39|0x0000000082700000, 0x0000000082700000, 0x0000000082800000|  0%| F|  |TAMS 0x0000000082700000, 0x0000000082700000| Untracked 
|  40|0x0000000082800000, 0x0000000082800000, 0x0000000082900000|  0%| F|  |TAMS 0x0000000082800000, 0x0000000082800000| Untracked 
|  41|0x0000000082900000, 0x0000000082900000, 0x0000000082a00000|  0%| F|  |TAMS 0x0000000082900000, 0x0000000082900000| Untracked 
|  42|0x0000000082a00000, 0x0000000082a00000, 0x0000000082b00000|  0%| F|  |TAMS 0x0000000082a00000, 0x0000000082a00000| Untracked 
|  43|0x0000000082b00000, 0x0000000082b00000, 0x0000000082c00000|  0%| F|  |TAMS 0x0000000082b00000, 0x0000000082b00000| Untracked 
|  44|0x0000000082c00000, 0x0000000082c00000, 0x0000000082d00000|  0%| F|  |TAMS 0x0000000082c00000, 0x0000000082c00000| Untracked 
|  45|0x0000000082d00000, 0x0000000082d00000, 0x0000000082e00000|  0%| F|  |TAMS 0x0000000082d00000, 0x0000000082d00000| Untracked 
|  46|0x0000000082e00000, 0x0000000082e00000, 0x0000000082f00000|  0%| F|  |TAMS 0x0000000082e00000, 0x0000000082e00000| Untracked 
|  47|0x0000000082f00000, 0x0000000082f00000, 0x0000000083000000|  0%| F|  |TAMS 0x0000000082f00000, 0x0000000082f00000| Untracked 
|  48|0x0000000083000000, 0x0000000083000000, 0x0000000083100000|  0%| F|  |TAMS 0x0000000083000000, 0x0000000083000000| Untracked 
|  49|0x0000000083100000, 0x0000000083100000, 0x0000000083200000|  0%| F|  |TAMS 0x0000000083100000, 0x0000000083100000| Untracked 
|  50|0x0000000083200000, 0x0000000083200000, 0x0000000083300000|  0%| F|  |TAMS 0x0000000083200000, 0x0000000083200000| Untracked 
|  51|0x0000000083300000, 0x0000000083300000, 0x0000000083400000|  0%| F|  |TAMS 0x0000000083300000, 0x0000000083300000| Untracked 
|  52|0x0000000083400000, 0x0000000083400000, 0x0000000083500000|  0%| F|  |TAMS 0x0000000083400000, 0x0000000083400000| Untracked 
|  53|0x0000000083500000, 0x0000000083500000, 0x0000000083600000|  0%| F|  |TAMS 0x0000000083500000, 0x0000000083500000| Untracked 
|  54|0x0000000083600000, 0x0000000083600000, 0x0000000083700000|  0%| F|  |TAMS 0x0000000083600000, 0x0000000083600000| Untracked 
|  55|0x0000000083700000, 0x0000000083700000, 0x0000000083800000|  0%| F|  |TAMS 0x0000000083700000, 0x0000000083700000| Untracked 
|  56|0x0000000083800000, 0x0000000083800000, 0x0000000083900000|  0%| F|  |TAMS 0x0000000083800000, 0x0000000083800000| Untracked 
|  57|0x0000000083900000, 0x0000000083900000, 0x0000000083a00000|  0%| F|  |TAMS 0x0000000083900000, 0x0000000083900000| Untracked 
|  58|0x0000000083a00000, 0x0000000083a00000, 0x0000000083b00000|  0%| F|  |TAMS 0x0000000083a00000, 0x0000000083a00000| Untracked 
|  59|0x0000000083b00000, 0x0000000083b00000, 0x0000000083c00000|  0%| F|  |TAMS 0x0000000083b00000, 0x0000000083b00000| Untracked 
|  60|0x0000000083c00000, 0x0000000083c00000, 0x0000000083d00000|  0%| F|  |TAMS 0x0000000083c00000, 0x0000000083c00000| Untracked 
|  61|0x0000000083d00000, 0x0000000083d00000, 0x0000000083e00000|  0%| F|  |TAMS 0x0000000083d00000, 0x0000000083d00000| Untracked 
|  62|0x0000000083e00000, 0x0000000083e00000, 0x0000000083f00000|  0%| F|  |TAMS 0x0000000083e00000, 0x0000000083e00000| Untracked 
|  63|0x0000000083f00000, 0x0000000083f00000, 0x0000000084000000|  0%| F|  |TAMS 0x0000000083f00000, 0x0000000083f00000| Untracked 
|  64|0x0000000084000000, 0x0000000084000000, 0x0000000084100000|  0%| F|  |TAMS 0x0000000084000000, 0x0000000084000000| Untracked 
|  65|0x0000000084100000, 0x0000000084100000, 0x0000000084200000|  0%| F|  |TAMS 0x0000000084100000, 0x0000000084100000| Untracked 
|  66|0x0000000084200000, 0x0000000084200000, 0x0000000084300000|  0%| F|  |TAMS 0x0000000084200000, 0x0000000084200000| Untracked 
|  67|0x0000000084300000, 0x0000000084300000, 0x0000000084400000|  0%| F|  |TAMS 0x0000000084300000, 0x0000000084300000| Untracked 
|  68|0x0000000084400000, 0x0000000084400000, 0x0000000084500000|  0%| F|  |TAMS 0x0000000084400000, 0x0000000084400000| Untracked 
|  69|0x0000000084500000, 0x0000000084500000, 0x0000000084600000|  0%| F|  |TAMS 0x0000000084500000, 0x0000000084500000| Untracked 
|  70|0x0000000084600000, 0x0000000084600000, 0x0000000084700000|  0%| F|  |TAMS 0x0000000084600000, 0x0000000084600000| Untracked 
|  71|0x0000000084700000, 0x0000000084700000, 0x0000000084800000|  0%| F|  |TAMS 0x0000000084700000, 0x0000000084700000| Untracked 
|  72|0x0000000084800000, 0x0000000084800000, 0x0000000084900000|  0%| F|  |TAMS 0x0000000084800000, 0x0000000084800000| Untracked 
|  73|0x0000000084900000, 0x0000000084900000, 0x0000000084a00000|  0%| F|  |TAMS 0x0000000084900000, 0x0000000084900000| Untracked 
|  74|0x0000000084a00000, 0x0000000084a00000, 0x0000000084b00000|  0%| F|  |TAMS 0x0000000084a00000, 0x0000000084a00000| Untracked 
|  75|0x0000000084b00000, 0x0000000084b00000, 0x0000000084c00000|  0%| F|  |TAMS 0x0000000084b00000, 0x0000000084b00000| Untracked 
|  76|0x0000000084c00000, 0x0000000084c00000, 0x0000000084d00000|  0%| F|  |TAMS 0x0000000084c00000, 0x0000000084c00000| Untracked 
|  77|0x0000000084d00000, 0x0000000084d00000, 0x0000000084e00000|  0%| F|  |TAMS 0x0000000084d00000, 0x0000000084d00000| Untracked 
|  78|0x0000000084e00000, 0x0000000084e00000, 0x0000000084f00000|  0%| F|  |TAMS 0x0000000084e00000, 0x0000000084e00000| Untracked 
|  79|0x0000000084f00000, 0x0000000084f00000, 0x0000000085000000|  0%| F|  |TAMS 0x0000000084f00000, 0x0000000084f00000| Untracked 
|  80|0x0000000085000000, 0x0000000085000000, 0x0000000085100000|  0%| F|  |TAMS 0x0000000085000000, 0x0000000085000000| Untracked 
|  81|0x0000000085100000, 0x0000000085100000, 0x0000000085200000|  0%| F|  |TAMS 0x0000000085100000, 0x0000000085100000| Untracked 
|  82|0x0000000085200000, 0x0000000085200000, 0x0000000085300000|  0%| F|  |TAMS 0x0000000085200000, 0x0000000085200000| Untracked 
|  83|0x0000000085300000, 0x0000000085300000, 0x0000000085400000|  0%| F|  |TAMS 0x0000000085300000, 0x0000000085300000| Untracked 
|  84|0x0000000085400000, 0x0000000085400000, 0x0000000085500000|  0%| F|  |TAMS 0x0000000085400000, 0x0000000085400000| Untracked 
|  85|0x0000000085500000, 0x0000000085500000, 0x0000000085600000|  0%| F|  |TAMS 0x0000000085500000, 0x0000000085500000| Untracked 
|  86|0x0000000085600000, 0x0000000085600000, 0x0000000085700000|  0%| F|  |TAMS 0x0000000085600000, 0x0000000085600000| Untracked 
|  87|0x0000000085700000, 0x0000000085700000, 0x0000000085800000|  0%| F|  |TAMS 0x0000000085700000, 0x0000000085700000| Untracked 
|  88|0x0000000085800000, 0x0000000085800000, 0x0000000085900000|  0%| F|  |TAMS 0x0000000085800000, 0x0000000085800000| Untracked 
|  89|0x0000000085900000, 0x0000000085900000, 0x0000000085a00000|  0%| F|  |TAMS 0x0000000085900000, 0x0000000085900000| Untracked 
|  90|0x0000000085a00000, 0x0000000085a00000, 0x0000000085b00000|  0%| F|  |TAMS 0x0000000085a00000, 0x0000000085a00000| Untracked 
|  91|0x0000000085b00000, 0x0000000085b00000, 0x0000000085c00000|  0%| F|  |TAMS 0x0000000085b00000, 0x0000000085b00000| Untracked 
|  92|0x0000000085c00000, 0x0000000085c00000, 0x0000000085d00000|  0%| F|  |TAMS 0x0000000085c00000, 0x0000000085c00000| Untracked 
|  93|0x0000000085d00000, 0x0000000085d00000, 0x0000000085e00000|  0%| F|  |TAMS 0x0000000085d00000, 0x0000000085d00000| Untracked 
|  94|0x0000000085e00000, 0x0000000085e00000, 0x0000000085f00000|  0%| F|  |TAMS 0x0000000085e00000, 0x0000000085e00000| Untracked 
|  95|0x0000000085f00000, 0x0000000085f00000, 0x0000000086000000|  0%| F|  |TAMS 0x0000000085f00000, 0x0000000085f00000| Untracked 
|  96|0x0000000086000000, 0x0000000086000000, 0x0000000086100000|  0%| F|  |TAMS 0x0000000086000000, 0x0000000086000000| Untracked 
|  97|0x0000000086100000, 0x0000000086100000, 0x0000000086200000|  0%| F|  |TAMS 0x0000000086100000, 0x0000000086100000| Untracked 
|  98|0x0000000086200000, 0x0000000086200000, 0x0000000086300000|  0%| F|  |TAMS 0x0000000086200000, 0x0000000086200000| Untracked 
|  99|0x0000000086300000, 0x0000000086300000, 0x0000000086400000|  0%| F|  |TAMS 0x0000000086300000, 0x0000000086300000| Untracked 
| 100|0x0000000086400000, 0x0000000086400000, 0x0000000086500000|  0%| F|  |TAMS 0x0000000086400000, 0x0000000086400000| Untracked 
| 101|0x0000000086500000, 0x0000000086500000, 0x0000000086600000|  0%| F|  |TAMS 0x0000000086500000, 0x0000000086500000| Untracked 
| 102|0x0000000086600000, 0x0000000086600000, 0x0000000086700000|  0%| F|  |TAMS 0x0000000086600000, 0x0000000086600000| Untracked 
| 103|0x0000000086700000, 0x0000000086700000, 0x0000000086800000|  0%| F|  |TAMS 0x0000000086700000, 0x0000000086700000| Untracked 
| 104|0x0000000086800000, 0x0000000086800000, 0x0000000086900000|  0%| F|  |TAMS 0x0000000086800000, 0x0000000086800000| Untracked 
| 105|0x0000000086900000, 0x0000000086900000, 0x0000000086a00000|  0%| F|  |TAMS 0x0000000086900000, 0x0000000086900000| Untracked 
| 106|0x0000000086a00000, 0x0000000086a00000, 0x0000000086b00000|  0%| F|  |TAMS 0x0000000086a00000, 0x0000000086a00000| Untracked 
| 107|0x0000000086b00000, 0x0000000086b00000, 0x0000000086c00000|  0%| F|  |TAMS 0x0000000086b00000, 0x0000000086b00000| Untracked 
| 108|0x0000000086c00000, 0x0000000086c00000, 0x0000000086d00000|  0%| F|  |TAMS 0x0000000086c00000, 0x0000000086c00000| Untracked 
| 109|0x0000000086d00000, 0x0000000086d00000, 0x0000000086e00000|  0%| F|  |TAMS 0x0000000086d00000, 0x0000000086d00000| Untracked 
| 110|0x0000000086e00000, 0x0000000086e00000, 0x0000000086f00000|  0%| F|  |TAMS 0x0000000086e00000, 0x0000000086e00000| Untracked 
| 111|0x0000000086f00000, 0x0000000086f00000, 0x0000000087000000|  0%| F|  |TAMS 0x0000000086f00000, 0x0000000086f00000| Untracked 
| 112|0x0000000087000000, 0x0000000087000000, 0x0000000087100000|  0%| F|  |TAMS 0x0000000087000000, 0x0000000087000000| Untracked 
| 113|0x0000000087100000, 0x0000000087100000, 0x0000000087200000|  0%| F|  |TAMS 0x0000000087100000, 0x0000000087100000| Untracked 
| 114|0x0000000087200000, 0x0000000087200000, 0x0000000087300000|  0%| F|  |TAMS 0x0000000087200000, 0x0000000087200000| Untracked 
| 115|0x0000000087300000, 0x0000000087300000, 0x0000000087400000|  0%| F|  |TAMS 0x0000000087300000, 0x0000000087300000| Untracked 
| 116|0x0000000087400000, 0x0000000087400000, 0x0000000087500000|  0%| F|  |TAMS 0x0000000087400000, 0x0000000087400000| Untracked 
| 117|0x0000000087500000, 0x0000000087500000, 0x0000000087600000|  0%| F|  |TAMS 0x0000000087500000, 0x0000000087500000| Untracked 
| 118|0x0000000087600000, 0x0000000087600000, 0x0000000087700000|  0%| F|  |TAMS 0x0000000087600000, 0x0000000087600000| Untracked 
| 119|0x0000000087700000, 0x0000000087700000, 0x0000000087800000|  0%| F|  |TAMS 0x0000000087700000, 0x0000000087700000| Untracked 
| 120|0x0000000087800000, 0x0000000087800000, 0x0000000087900000|  0%| F|  |TAMS 0x0000000087800000, 0x0000000087800000| Untracked 
| 121|0x0000000087900000, 0x0000000087900000, 0x0000000087a00000|  0%| F|  |TAMS 0x0000000087900000, 0x0000000087900000| Untracked 
| 122|0x0000000087a00000, 0x0000000087a00000, 0x0000000087b00000|  0%| F|  |TAMS 0x0000000087a00000, 0x0000000087a00000| Untracked 
| 123|0x0000000087b00000, 0x0000000087b00000, 0x0000000087c00000|  0%| F|  |TAMS 0x0000000087b00000, 0x0000000087b00000| Untracked 
| 124|0x0000000087c00000, 0x0000000087c00000, 0x0000000087d00000|  0%| F|  |TAMS 0x0000000087c00000, 0x0000000087c00000| Untracked 
| 125|0x0000000087d00000, 0x0000000087e00000, 0x0000000087e00000|100%| E|  |TAMS 0x0000000087d00000, 0x0000000087d00000| Complete 
| 126|0x0000000087e00000, 0x0000000087f00000, 0x0000000087f00000|100%| E|CS|TAMS 0x0000000087e00000, 0x0000000087e00000| Complete 
| 127|0x0000000087f00000, 0x0000000088000000, 0x0000000088000000|100%| E|CS|TAMS 0x0000000087f00000, 0x0000000087f00000| Complete 
| 128|0x0000000088000000, 0x0000000088100000, 0x0000000088100000|100%| E|CS|TAMS 0x0000000088000000, 0x0000000088000000| Complete 
| 129|0x0000000088100000, 0x0000000088200000, 0x0000000088200000|100%| E|CS|TAMS 0x0000000088100000, 0x0000000088100000| Complete 
| 130|0x0000000088200000, 0x0000000088275e28, 0x0000000088300000| 46%| S|CS|TAMS 0x0000000088200000, 0x0000000088200000| Complete 
| 131|0x0000000088300000, 0x0000000088400000, 0x0000000088400000|100%| S|CS|TAMS 0x0000000088300000, 0x0000000088300000| Complete 
| 132|0x0000000088400000, 0x0000000088500000, 0x0000000088500000|100%| S|CS|TAMS 0x0000000088400000, 0x0000000088400000| Complete 
| 133|0x0000000088500000, 0x0000000088600000, 0x0000000088600000|100%| S|CS|TAMS 0x0000000088500000, 0x0000000088500000| Complete 
| 134|0x0000000088600000, 0x0000000088700000, 0x0000000088700000|100%| S|CS|TAMS 0x0000000088600000, 0x0000000088600000| Complete 
| 135|0x0000000088700000, 0x0000000088800000, 0x0000000088800000|100%| S|CS|TAMS 0x0000000088700000, 0x0000000088700000| Complete 
| 136|0x0000000088800000, 0x0000000088900000, 0x0000000088900000|100%| S|CS|TAMS 0x0000000088800000, 0x0000000088800000| Complete 
| 137|0x0000000088900000, 0x0000000088a00000, 0x0000000088a00000|100%| S|CS|TAMS 0x0000000088900000, 0x0000000088900000| Complete 
| 138|0x0000000088a00000, 0x0000000088b00000, 0x0000000088b00000|100%| S|CS|TAMS 0x0000000088a00000, 0x0000000088a00000| Complete 
| 139|0x0000000088b00000, 0x0000000088c00000, 0x0000000088c00000|100%| S|CS|TAMS 0x0000000088b00000, 0x0000000088b00000| Complete 
| 140|0x0000000088c00000, 0x0000000088d00000, 0x0000000088d00000|100%| S|CS|TAMS 0x0000000088c00000, 0x0000000088c00000| Complete 
| 141|0x0000000088d00000, 0x0000000088e00000, 0x0000000088e00000|100%| S|CS|TAMS 0x0000000088d00000, 0x0000000088d00000| Complete 
| 142|0x0000000088e00000, 0x0000000088f00000, 0x0000000088f00000|100%| S|CS|TAMS 0x0000000088e00000, 0x0000000088e00000| Complete 
| 143|0x0000000088f00000, 0x0000000089000000, 0x0000000089000000|100%| S|CS|TAMS 0x0000000088f00000, 0x0000000088f00000| Complete 
| 144|0x0000000089000000, 0x0000000089100000, 0x0000000089100000|100%| E|CS|TAMS 0x0000000089000000, 0x0000000089000000| Complete 
| 145|0x0000000089100000, 0x0000000089200000, 0x0000000089200000|100%| E|CS|TAMS 0x0000000089100000, 0x0000000089100000| Complete 
| 146|0x0000000089200000, 0x0000000089300000, 0x0000000089300000|100%| E|CS|TAMS 0x0000000089200000, 0x0000000089200000| Complete 
| 147|0x0000000089300000, 0x0000000089400000, 0x0000000089400000|100%| E|CS|TAMS 0x0000000089300000, 0x0000000089300000| Complete 
| 148|0x0000000089400000, 0x0000000089500000, 0x0000000089500000|100%| E|CS|TAMS 0x0000000089400000, 0x0000000089400000| Complete 
| 149|0x0000000089500000, 0x0000000089600000, 0x0000000089600000|100%| E|CS|TAMS 0x0000000089500000, 0x0000000089500000| Complete 
| 150|0x0000000089600000, 0x0000000089700000, 0x0000000089700000|100%| E|CS|TAMS 0x0000000089600000, 0x0000000089600000| Complete 
| 151|0x0000000089700000, 0x0000000089800000, 0x0000000089800000|100%| E|CS|TAMS 0x0000000089700000, 0x0000000089700000| Complete 
| 152|0x0000000089800000, 0x0000000089900000, 0x0000000089900000|100%| E|CS|TAMS 0x0000000089800000, 0x0000000089800000| Complete 
| 153|0x0000000089900000, 0x0000000089a00000, 0x0000000089a00000|100%| E|CS|TAMS 0x0000000089900000, 0x0000000089900000| Complete 
| 154|0x0000000089a00000, 0x0000000089b00000, 0x0000000089b00000|100%| E|CS|TAMS 0x0000000089a00000, 0x0000000089a00000| Complete 
| 155|0x0000000089b00000, 0x0000000089c00000, 0x0000000089c00000|100%| E|CS|TAMS 0x0000000089b00000, 0x0000000089b00000| Complete 
| 156|0x0000000089c00000, 0x0000000089d00000, 0x0000000089d00000|100%| E|CS|TAMS 0x0000000089c00000, 0x0000000089c00000| Complete 
| 157|0x0000000089d00000, 0x0000000089e00000, 0x0000000089e00000|100%| E|CS|TAMS 0x0000000089d00000, 0x0000000089d00000| Complete 
| 158|0x0000000089e00000, 0x0000000089f00000, 0x0000000089f00000|100%| E|CS|TAMS 0x0000000089e00000, 0x0000000089e00000| Complete 
| 159|0x0000000089f00000, 0x000000008a000000, 0x000000008a000000|100%| E|CS|TAMS 0x0000000089f00000, 0x0000000089f00000| Complete 
| 160|0x000000008a000000, 0x000000008a100000, 0x000000008a100000|100%| E|CS|TAMS 0x000000008a000000, 0x000000008a000000| Complete 
| 161|0x000000008a100000, 0x000000008a200000, 0x000000008a200000|100%| E|CS|TAMS 0x000000008a100000, 0x000000008a100000| Complete 
| 162|0x000000008a200000, 0x000000008a300000, 0x000000008a300000|100%| E|CS|TAMS 0x000000008a200000, 0x000000008a200000| Complete 
| 163|0x000000008a300000, 0x000000008a400000, 0x000000008a400000|100%| E|CS|TAMS 0x000000008a300000, 0x000000008a300000| Complete 
| 164|0x000000008a400000, 0x000000008a500000, 0x000000008a500000|100%| E|CS|TAMS 0x000000008a400000, 0x000000008a400000| Complete 
| 165|0x000000008a500000, 0x000000008a600000, 0x000000008a600000|100%| E|CS|TAMS 0x000000008a500000, 0x000000008a500000| Complete 
| 166|0x000000008a600000, 0x000000008a700000, 0x000000008a700000|100%| E|CS|TAMS 0x000000008a600000, 0x000000008a600000| Complete 
| 167|0x000000008a700000, 0x000000008a800000, 0x000000008a800000|100%| E|CS|TAMS 0x000000008a700000, 0x000000008a700000| Complete 
| 168|0x000000008a800000, 0x000000008a900000, 0x000000008a900000|100%| E|CS|TAMS 0x000000008a800000, 0x000000008a800000| Complete 
| 169|0x000000008a900000, 0x000000008aa00000, 0x000000008aa00000|100%| E|CS|TAMS 0x000000008a900000, 0x000000008a900000| Complete 
| 170|0x000000008aa00000, 0x000000008ab00000, 0x000000008ab00000|100%| E|CS|TAMS 0x000000008aa00000, 0x000000008aa00000| Complete 
| 171|0x000000008ab00000, 0x000000008ac00000, 0x000000008ac00000|100%| E|CS|TAMS 0x000000008ab00000, 0x000000008ab00000| Complete 
| 172|0x000000008ac00000, 0x000000008ad00000, 0x000000008ad00000|100%| E|CS|TAMS 0x000000008ac00000, 0x000000008ac00000| Complete 
| 173|0x000000008ad00000, 0x000000008ae00000, 0x000000008ae00000|100%| E|CS|TAMS 0x000000008ad00000, 0x000000008ad00000| Complete 
| 174|0x000000008ae00000, 0x000000008af00000, 0x000000008af00000|100%| E|CS|TAMS 0x000000008ae00000, 0x000000008ae00000| Complete 
| 175|0x000000008af00000, 0x000000008b000000, 0x000000008b000000|100%| E|CS|TAMS 0x000000008af00000, 0x000000008af00000| Complete 
| 176|0x000000008b000000, 0x000000008b100000, 0x000000008b100000|100%| E|CS|TAMS 0x000000008b000000, 0x000000008b000000| Complete 
| 177|0x000000008b100000, 0x000000008b200000, 0x000000008b200000|100%| E|CS|TAMS 0x000000008b100000, 0x000000008b100000| Complete 
| 178|0x000000008b200000, 0x000000008b300000, 0x000000008b300000|100%| E|CS|TAMS 0x000000008b200000, 0x000000008b200000| Complete 
| 179|0x000000008b300000, 0x000000008b400000, 0x000000008b400000|100%| E|CS|TAMS 0x000000008b300000, 0x000000008b300000| Complete 
| 180|0x000000008b400000, 0x000000008b500000, 0x000000008b500000|100%| E|CS|TAMS 0x000000008b400000, 0x000000008b400000| Complete 
| 181|0x000000008b500000, 0x000000008b600000, 0x000000008b600000|100%| E|CS|TAMS 0x000000008b500000, 0x000000008b500000| Complete 
| 182|0x000000008b600000, 0x000000008b700000, 0x000000008b700000|100%| E|CS|TAMS 0x000000008b600000, 0x000000008b600000| Complete 
| 183|0x000000008b700000, 0x000000008b800000, 0x000000008b800000|100%| E|CS|TAMS 0x000000008b700000, 0x000000008b700000| Complete 
| 184|0x000000008b800000, 0x000000008b900000, 0x000000008b900000|100%| E|CS|TAMS 0x000000008b800000, 0x000000008b800000| Complete 
| 185|0x000000008b900000, 0x000000008ba00000, 0x000000008ba00000|100%| E|CS|TAMS 0x000000008b900000, 0x000000008b900000| Complete 
| 186|0x000000008ba00000, 0x000000008bb00000, 0x000000008bb00000|100%| E|CS|TAMS 0x000000008ba00000, 0x000000008ba00000| Complete 
| 187|0x000000008bb00000, 0x000000008bc00000, 0x000000008bc00000|100%| E|CS|TAMS 0x000000008bb00000, 0x000000008bb00000| Complete 
| 188|0x000000008bc00000, 0x000000008bd00000, 0x000000008bd00000|100%| E|CS|TAMS 0x000000008bc00000, 0x000000008bc00000| Complete 
| 189|0x000000008bd00000, 0x000000008be00000, 0x000000008be00000|100%| E|CS|TAMS 0x000000008bd00000, 0x000000008bd00000| Complete 
| 190|0x000000008be00000, 0x000000008bf00000, 0x000000008bf00000|100%| E|CS|TAMS 0x000000008be00000, 0x000000008be00000| Complete 
| 191|0x000000008bf00000, 0x000000008c000000, 0x000000008c000000|100%| E|CS|TAMS 0x000000008bf00000, 0x000000008bf00000| Complete 
| 192|0x000000008c000000, 0x000000008c100000, 0x000000008c100000|100%| E|CS|TAMS 0x000000008c000000, 0x000000008c000000| Complete 
| 193|0x000000008c100000, 0x000000008c200000, 0x000000008c200000|100%| E|CS|TAMS 0x000000008c100000, 0x000000008c100000| Complete 
| 194|0x000000008c200000, 0x000000008c300000, 0x000000008c300000|100%| E|CS|TAMS 0x000000008c200000, 0x000000008c200000| Complete 
| 195|0x000000008c300000, 0x000000008c400000, 0x000000008c400000|100%| E|CS|TAMS 0x000000008c300000, 0x000000008c300000| Complete 
| 196|0x000000008c400000, 0x000000008c500000, 0x000000008c500000|100%| E|CS|TAMS 0x000000008c400000, 0x000000008c400000| Complete 
| 197|0x000000008c500000, 0x000000008c600000, 0x000000008c600000|100%| E|CS|TAMS 0x000000008c500000, 0x000000008c500000| Complete 
| 198|0x000000008c600000, 0x000000008c700000, 0x000000008c700000|100%| E|CS|TAMS 0x000000008c600000, 0x000000008c600000| Complete 
| 199|0x000000008c700000, 0x000000008c800000, 0x000000008c800000|100%| E|CS|TAMS 0x000000008c700000, 0x000000008c700000| Complete 
| 200|0x000000008c800000, 0x000000008c900000, 0x000000008c900000|100%| E|CS|TAMS 0x000000008c800000, 0x000000008c800000| Complete 
| 201|0x000000008c900000, 0x000000008ca00000, 0x000000008ca00000|100%| E|CS|TAMS 0x000000008c900000, 0x000000008c900000| Complete 
| 202|0x000000008ca00000, 0x000000008cb00000, 0x000000008cb00000|100%| E|CS|TAMS 0x000000008ca00000, 0x000000008ca00000| Complete 
| 203|0x000000008cb00000, 0x000000008cc00000, 0x000000008cc00000|100%| E|CS|TAMS 0x000000008cb00000, 0x000000008cb00000| Complete 
| 204|0x000000008cc00000, 0x000000008cd00000, 0x000000008cd00000|100%| E|CS|TAMS 0x000000008cc00000, 0x000000008cc00000| Complete 
| 205|0x000000008cd00000, 0x000000008ce00000, 0x000000008ce00000|100%| E|CS|TAMS 0x000000008cd00000, 0x000000008cd00000| Complete 
| 206|0x000000008ce00000, 0x000000008cf00000, 0x000000008cf00000|100%| E|CS|TAMS 0x000000008ce00000, 0x000000008ce00000| Complete 
| 207|0x000000008cf00000, 0x000000008d000000, 0x000000008d000000|100%| E|CS|TAMS 0x000000008cf00000, 0x000000008cf00000| Complete 
| 208|0x000000008d000000, 0x000000008d100000, 0x000000008d100000|100%| E|CS|TAMS 0x000000008d000000, 0x000000008d000000| Complete 
| 209|0x000000008d100000, 0x000000008d200000, 0x000000008d200000|100%| E|CS|TAMS 0x000000008d100000, 0x000000008d100000| Complete 
| 210|0x000000008d200000, 0x000000008d300000, 0x000000008d300000|100%| E|CS|TAMS 0x000000008d200000, 0x000000008d200000| Complete 
| 211|0x000000008d300000, 0x000000008d400000, 0x000000008d400000|100%| E|CS|TAMS 0x000000008d300000, 0x000000008d300000| Complete 
| 212|0x000000008d400000, 0x000000008d500000, 0x000000008d500000|100%| E|CS|TAMS 0x000000008d400000, 0x000000008d400000| Complete 
| 213|0x000000008d500000, 0x000000008d600000, 0x000000008d600000|100%| E|CS|TAMS 0x000000008d500000, 0x000000008d500000| Complete 
| 214|0x000000008d600000, 0x000000008d700000, 0x000000008d700000|100%| E|CS|TAMS 0x000000008d600000, 0x000000008d600000| Complete 
| 215|0x000000008d700000, 0x000000008d800000, 0x000000008d800000|100%| E|CS|TAMS 0x000000008d700000, 0x000000008d700000| Complete 
| 216|0x000000008d800000, 0x000000008d900000, 0x000000008d900000|100%| E|CS|TAMS 0x000000008d800000, 0x000000008d800000| Complete 
| 217|0x000000008d900000, 0x000000008da00000, 0x000000008da00000|100%| E|CS|TAMS 0x000000008d900000, 0x000000008d900000| Complete 
| 218|0x000000008da00000, 0x000000008db00000, 0x000000008db00000|100%| E|CS|TAMS 0x000000008da00000, 0x000000008da00000| Complete 
| 219|0x000000008db00000, 0x000000008dc00000, 0x000000008dc00000|100%| E|CS|TAMS 0x000000008db00000, 0x000000008db00000| Complete 
| 220|0x000000008dc00000, 0x000000008dd00000, 0x000000008dd00000|100%| E|CS|TAMS 0x000000008dc00000, 0x000000008dc00000| Complete 
| 221|0x000000008dd00000, 0x000000008de00000, 0x000000008de00000|100%| E|CS|TAMS 0x000000008dd00000, 0x000000008dd00000| Complete 
| 222|0x000000008de00000, 0x000000008df00000, 0x000000008df00000|100%| E|CS|TAMS 0x000000008de00000, 0x000000008de00000| Complete 
| 223|0x000000008df00000, 0x000000008e000000, 0x000000008e000000|100%| E|CS|TAMS 0x000000008df00000, 0x000000008df00000| Complete 
| 224|0x000000008e000000, 0x000000008e100000, 0x000000008e100000|100%| E|CS|TAMS 0x000000008e000000, 0x000000008e000000| Complete 
| 225|0x000000008e100000, 0x000000008e200000, 0x000000008e200000|100%| E|CS|TAMS 0x000000008e100000, 0x000000008e100000| Complete 
| 226|0x000000008e200000, 0x000000008e300000, 0x000000008e300000|100%| E|CS|TAMS 0x000000008e200000, 0x000000008e200000| Complete 
| 227|0x000000008e300000, 0x000000008e400000, 0x000000008e400000|100%| E|CS|TAMS 0x000000008e300000, 0x000000008e300000| Complete 
| 228|0x000000008e400000, 0x000000008e500000, 0x000000008e500000|100%| E|CS|TAMS 0x000000008e400000, 0x000000008e400000| Complete 
| 229|0x000000008e500000, 0x000000008e600000, 0x000000008e600000|100%| E|CS|TAMS 0x000000008e500000, 0x000000008e500000| Complete 
| 230|0x000000008e600000, 0x000000008e700000, 0x000000008e700000|100%| E|CS|TAMS 0x000000008e600000, 0x000000008e600000| Complete 
| 231|0x000000008e700000, 0x000000008e800000, 0x000000008e800000|100%| E|CS|TAMS 0x000000008e700000, 0x000000008e700000| Complete 
| 232|0x000000008e800000, 0x000000008e900000, 0x000000008e900000|100%| E|CS|TAMS 0x000000008e800000, 0x000000008e800000| Complete 
| 233|0x000000008e900000, 0x000000008ea00000, 0x000000008ea00000|100%| E|CS|TAMS 0x000000008e900000, 0x000000008e900000| Complete 
| 234|0x000000008ea00000, 0x000000008eb00000, 0x000000008eb00000|100%| E|CS|TAMS 0x000000008ea00000, 0x000000008ea00000| Complete 
| 235|0x000000008eb00000, 0x000000008ec00000, 0x000000008ec00000|100%| E|CS|TAMS 0x000000008eb00000, 0x000000008eb00000| Complete 
| 236|0x000000008ec00000, 0x000000008ed00000, 0x000000008ed00000|100%| E|CS|TAMS 0x000000008ec00000, 0x000000008ec00000| Complete 
| 237|0x000000008ed00000, 0x000000008ee00000, 0x000000008ee00000|100%| E|CS|TAMS 0x000000008ed00000, 0x000000008ed00000| Complete 
| 238|0x000000008ee00000, 0x000000008ef00000, 0x000000008ef00000|100%| E|CS|TAMS 0x000000008ee00000, 0x000000008ee00000| Complete 
| 239|0x000000008ef00000, 0x000000008f000000, 0x000000008f000000|100%| E|CS|TAMS 0x000000008ef00000, 0x000000008ef00000| Complete 
| 240|0x000000008f000000, 0x000000008f100000, 0x000000008f100000|100%| E|CS|TAMS 0x000000008f000000, 0x000000008f000000| Complete 
| 241|0x000000008f100000, 0x000000008f200000, 0x000000008f200000|100%| E|CS|TAMS 0x000000008f100000, 0x000000008f100000| Complete 
| 242|0x000000008f200000, 0x000000008f300000, 0x000000008f300000|100%| E|CS|TAMS 0x000000008f200000, 0x000000008f200000| Complete 
| 243|0x000000008f300000, 0x000000008f400000, 0x000000008f400000|100%| E|CS|TAMS 0x000000008f300000, 0x000000008f300000| Complete 
| 244|0x000000008f400000, 0x000000008f500000, 0x000000008f500000|100%| E|CS|TAMS 0x000000008f400000, 0x000000008f400000| Complete 
| 245|0x000000008f500000, 0x000000008f600000, 0x000000008f600000|100%| E|CS|TAMS 0x000000008f500000, 0x000000008f500000| Complete 
| 246|0x000000008f600000, 0x000000008f700000, 0x000000008f700000|100%| E|CS|TAMS 0x000000008f600000, 0x000000008f600000| Complete 
| 247|0x000000008f700000, 0x000000008f800000, 0x000000008f800000|100%| E|CS|TAMS 0x000000008f700000, 0x000000008f700000| Complete 
| 248|0x000000008f800000, 0x000000008f900000, 0x000000008f900000|100%| E|CS|TAMS 0x000000008f800000, 0x000000008f800000| Complete 
| 249|0x000000008f900000, 0x000000008fa00000, 0x000000008fa00000|100%| E|CS|TAMS 0x000000008f900000, 0x000000008f900000| Complete 
| 250|0x000000008fa00000, 0x000000008fb00000, 0x000000008fb00000|100%| E|CS|TAMS 0x000000008fa00000, 0x000000008fa00000| Complete 
| 251|0x000000008fb00000, 0x000000008fc00000, 0x000000008fc00000|100%| E|CS|TAMS 0x000000008fb00000, 0x000000008fb00000| Complete 
| 252|0x000000008fc00000, 0x000000008fd00000, 0x000000008fd00000|100%| E|CS|TAMS 0x000000008fc00000, 0x000000008fc00000| Complete 
| 253|0x000000008fd00000, 0x000000008fe00000, 0x000000008fe00000|100%| E|CS|TAMS 0x000000008fd00000, 0x000000008fd00000| Complete 

Card table byte_map: [0x0000020d3d070000,0x0000020d3d470000] _byte_map_base: 0x0000020d3cc70000

Marking Bits (Prev, Next): (CMBitMap*) 0x0000020d29e63068, (CMBitMap*) 0x0000020d29e630a0
 Prev Bits: [0x0000020d3d870000, 0x0000020d3f870000)
 Next Bits: [0x0000020d3f870000, 0x0000020d41870000)

Polling page: 0x0000020d27df0000

Metaspace:

Usage:
  Non-class:     45.14 MB capacity,    44.36 MB ( 98%) used,   655.96 KB (  1%) free+waste,   142.56 KB ( <1%) overhead. 
      Class:      6.97 MB capacity,     6.45 MB ( 93%) used,   462.00 KB (  6%) free+waste,    68.62 KB ( <1%) overhead. 
       Both:     52.11 MB capacity,    50.81 MB ( 98%) used,     1.09 MB (  2%) free+waste,   211.19 KB ( <1%) overhead. 

Virtual space:
  Non-class space:       46.00 MB reserved,      45.38 MB ( 99%) committed 
      Class space:        1.00 GB reserved,       7.07 MB ( <1%) committed 
             Both:        1.04 GB reserved,      52.45 MB (  5%) committed 

Chunk freelists:
   Non-Class:  51.00 KB
       Class:  31.00 KB
        Both:  82.00 KB

MaxMetaspaceSize: 17179869184.00 GB
CompressedClassSpaceSize: 1.00 GB
Initial GC threshold: 20.80 MB
Current GC threshold: 59.09 MB
CDS: off

CodeHeap 'non-profiled nmethods': size=120000Kb used=3208Kb max_used=3208Kb free=116791Kb
 bounds [0x0000020d35410000, 0x0000020d35740000, 0x0000020d3c940000]
CodeHeap 'profiled nmethods': size=120000Kb used=10877Kb max_used=10877Kb free=109122Kb
 bounds [0x0000020d2dee0000, 0x0000020d2e980000, 0x0000020d35410000]
CodeHeap 'non-nmethods': size=5760Kb used=2315Kb max_used=2343Kb free=3444Kb
 bounds [0x0000020d2d940000, 0x0000020d2dbb0000, 0x0000020d2dee0000]
 total_blobs=6185 nmethods=5376 adapters=721
 compilation: enabled
              stopped_count=0, restarted_count=0
 full_count=0

Compilation events (20 events):
Event: 5.745 Thread 0x0000020d44bb5000 5358       3       com.google.common.cache.LocalCache$LocalManualCache::getIfPresent (9 bytes)
Event: 5.745 Thread 0x0000020d44bb5000 nmethod 5358 0x0000020d2e974990 code [0x0000020d2e974b40, 0x0000020d2e974c68]
Event: 5.745 Thread 0x0000020d44bb5000 5359       3       org.gradle.internal.event.DefaultListenerManager$EventBroadcast$ListenerDispatch::dispatch (9 bytes)
Event: 5.746 Thread 0x0000020d44bb5000 nmethod 5359 0x0000020d2e974d10 code [0x0000020d2e974ee0, 0x0000020d2e975108]
Event: 5.746 Thread 0x0000020d44bb5000 5357       1       org.gradle.internal.Try$Success::get (5 bytes)
Event: 5.746 Thread 0x0000020d44bb5000 nmethod 5357 0x0000020d35731510 code [0x0000020d357316c0, 0x0000020d35731778]
Event: 5.752 Thread 0x0000020d44bb5000 5360       3       com.google.common.collect.MapMakerInternalMap$1::clear (1 bytes)
Event: 5.752 Thread 0x0000020d44bb5000 nmethod 5360 0x0000020d2e975210 code [0x0000020d2e9753c0, 0x0000020d2e9754b8]
Event: 5.754 Thread 0x0000020d44bb5000 5361       3       java.lang.StringUTF16::length (5 bytes)
Event: 5.754 Thread 0x0000020d44bb5000 nmethod 5361 0x0000020d2e975590 code [0x0000020d2e975740, 0x0000020d2e975838]
Event: 5.754 Thread 0x0000020d44bb5000 5362       3       java.lang.StringUTF16::checkIndex (9 bytes)
Event: 5.754 Thread 0x0000020d44bb5000 nmethod 5362 0x0000020d2e975910 code [0x0000020d2e975ae0, 0x0000020d2e975c48]
Event: 5.754 Thread 0x0000020d44bb5000 5363       3       java.lang.StringUTF16::charAt (11 bytes)
Event: 5.754 Thread 0x0000020d44bb5000 nmethod 5363 0x0000020d2e975d90 code [0x0000020d2e975f60, 0x0000020d2e976148]
Event: 5.754 Thread 0x0000020d44bb5000 5365       3       java.lang.StringUTF16::putChar (54 bytes)
Event: 5.755 Thread 0x0000020d44bb5000 nmethod 5365 0x0000020d2e976290 code [0x0000020d2e976440, 0x0000020d2e976578]
Event: 5.755 Thread 0x0000020d44bb5000 5366       3       java.lang.StringUTF16::putCharSB (12 bytes)
Event: 5.755 Thread 0x0000020d44bb5000 nmethod 5366 0x0000020d2e976690 code [0x0000020d2e976860, 0x0000020d2e976a68]
Event: 5.755 Thread 0x0000020d44bb5000 5367       3       java.util.Arrays$ArrayList::size (6 bytes)
Event: 5.755 Thread 0x0000020d44bb5000 nmethod 5367 0x0000020d2e976b90 code [0x0000020d2e976d40, 0x0000020d2e976e58]

GC Heap History (10 events):
Event: 0.500 GC heap before
{Heap before GC invocations=0 (full 0):
 garbage-first heap   total 260096K, used 29696K [0x0000000080000000, 0x0000000100000000)
  region size 1024K, 24 young (24576K), 0 survivors (0K)
 Metaspace       used 9777K, capacity 9956K, committed 10112K, reserved 1058816K
  class space    used 998K, capacity 1069K, committed 1152K, reserved 1048576K
}
Event: 0.504 GC heap after
{Heap after GC invocations=1 (full 0):
 garbage-first heap   total 260096K, used 9275K [0x0000000080000000, 0x0000000100000000)
  region size 1024K, 3 young (3072K), 3 survivors (3072K)
 Metaspace       used 9777K, capacity 9956K, committed 10112K, reserved 1058816K
  class space    used 998K, capacity 1069K, committed 1152K, reserved 1048576K
}
Event: 1.702 GC heap before
{Heap before GC invocations=1 (full 0):
 garbage-first heap   total 260096K, used 106555K [0x0000000080000000, 0x0000000100000000)
  region size 1024K, 98 young (100352K), 3 survivors (3072K)
 Metaspace       used 20768K, capacity 21187K, committed 21296K, reserved 1069056K
  class space    used 2521K, capacity 2685K, committed 2688K, reserved 1048576K
}
Event: 1.709 GC heap after
{Heap after GC invocations=2 (full 0):
 garbage-first heap   total 260096K, used 17014K [0x0000000080000000, 0x0000000100000000)
  region size 1024K, 11 young (11264K), 11 survivors (11264K)
 Metaspace       used 20768K, capacity 21187K, committed 21296K, reserved 1069056K
  class space    used 2521K, capacity 2685K, committed 2688K, reserved 1048576K
}
Event: 2.127 GC heap before
{Heap before GC invocations=3 (full 0):
 garbage-first heap   total 260096K, used 57974K [0x0000000080000000, 0x0000000100000000)
  region size 1024K, 51 young (52224K), 11 survivors (11264K)
 Metaspace       used 25059K, capacity 25583K, committed 25724K, reserved 1071104K
  class space    used 3219K, capacity 3414K, committed 3532K, reserved 1048576K
}
Event: 2.133 GC heap after
{Heap after GC invocations=4 (full 0):
 garbage-first heap   total 260096K, used 18859K [0x0000000080000000, 0x0000000100000000)
  region size 1024K, 2 young (2048K), 2 survivors (2048K)
 Metaspace       used 25059K, capacity 25583K, committed 25724K, reserved 1071104K
  class space    used 3219K, capacity 3414K, committed 3532K, reserved 1048576K
}
Event: 3.197 GC heap before
{Heap before GC invocations=4 (full 0):
 garbage-first heap   total 260096K, used 96683K [0x0000000080000000, 0x0000000100000000)
  region size 1024K, 79 young (80896K), 2 survivors (2048K)
 Metaspace       used 35077K, capacity 35953K, committed 36048K, reserved 1081344K
  class space    used 4566K, capacity 4921K, committed 4940K, reserved 1048576K
}
Event: 3.204 GC heap after
{Heap after GC invocations=5 (full 0):
 garbage-first heap   total 260096K, used 22493K [0x0000000080000000, 0x0000000100000000)
  region size 1024K, 6 young (6144K), 6 survivors (6144K)
 Metaspace       used 35077K, capacity 35953K, committed 36048K, reserved 1081344K
  class space    used 4566K, capacity 4921K, committed 4940K, reserved 1048576K
}
Event: 4.346 GC heap before
{Heap before GC invocations=6 (full 0):
 garbage-first heap   total 260096K, used 132061K [0x0000000080000000, 0x0000000100000000)
  region size 1024K, 110 young (112640K), 6 survivors (6144K)
 Metaspace       used 44954K, capacity 46022K, committed 46160K, reserved 1089536K
  class space    used 5685K, capacity 6084K, committed 6092K, reserved 1048576K
}
Event: 4.354 GC heap after
{Heap after GC invocations=7 (full 0):
 garbage-first heap   total 260096K, used 30636K [0x0000000080000000, 0x0000000100000000)
  region size 1024K, 14 young (14336K), 14 survivors (14336K)
 Metaspace       used 44954K, capacity 46022K, committed 46160K, reserved 1089536K
  class space    used 5685K, capacity 6084K, committed 6092K, reserved 1048576K
}

Deoptimization events (20 events):
Event: 5.667 Thread 0x0000020d464ed000 Uncommon trap: trap_request=0xffffff45 fr.pc=0x0000020d3564a6f8 relative=0x0000000000000cd8
Event: 5.667 Thread 0x0000020d464ed000 Uncommon trap: reason=unstable_fused_if action=reinterpret pc=0x0000020d3564a6f8 method=org.objectweb.asm.ByteVector.putUTF8(Ljava/lang/String;)Lorg/objectweb/asm/ByteVector; @ 93 c2
Event: 5.667 Thread 0x0000020d464ed000 DEOPT PACKING pc=0x0000020d3564a6f8 sp=0x0000000d2c6f6b70
Event: 5.667 Thread 0x0000020d464ed000 DEOPT UNPACKING pc=0x0000020d2d9485af sp=0x0000000d2c6f6ac8 mode 2
Event: 5.668 Thread 0x0000020d464ed000 Uncommon trap: trap_request=0xffffff4d fr.pc=0x0000020d3567387c relative=0x0000000000005afc
Event: 5.668 Thread 0x0000020d464ed000 Uncommon trap: reason=unstable_if action=reinterpret pc=0x0000020d3567387c method=org.objectweb.asm.Frame.execute(IILorg/objectweb/asm/Symbol;Lorg/objectweb/asm/SymbolTable;)V @ 1 c2
Event: 5.668 Thread 0x0000020d464ed000 DEOPT PACKING pc=0x0000020d3567387c sp=0x0000000d2c6f6990
Event: 5.668 Thread 0x0000020d464ed000 DEOPT UNPACKING pc=0x0000020d2d9485af sp=0x0000000d2c6f6938 mode 2
Event: 5.683 Thread 0x0000020d464ed000 Uncommon trap: trap_request=0xffffff45 fr.pc=0x0000020d355725f4 relative=0x0000000000000214
Event: 5.683 Thread 0x0000020d464ed000 Uncommon trap: reason=unstable_fused_if action=reinterpret pc=0x0000020d355725f4 method=org.objectweb.asm.ByteVector.putUTF8(Ljava/lang/String;)Lorg/objectweb/asm/ByteVector; @ 93 c2
Event: 5.683 Thread 0x0000020d464ed000 DEOPT PACKING pc=0x0000020d355725f4 sp=0x0000000d2c6f6c80
Event: 5.683 Thread 0x0000020d464ed000 DEOPT UNPACKING pc=0x0000020d2d9485af sp=0x0000000d2c6f6c00 mode 2
Event: 5.754 Thread 0x0000020d464ed000 Uncommon trap: trap_request=0xffffff4d fr.pc=0x0000020d354d6dc8 relative=0x0000000000000388
Event: 5.754 Thread 0x0000020d464ed000 Uncommon trap: reason=unstable_if action=reinterpret pc=0x0000020d354d6dc8 method=java.lang.StringBuilder.toString()Ljava/lang/String; @ 4 c2
Event: 5.754 Thread 0x0000020d464ed000 DEOPT PACKING pc=0x0000020d354d6dc8 sp=0x0000000d2c6f42b0
Event: 5.754 Thread 0x0000020d464ed000 DEOPT UNPACKING pc=0x0000020d2d9485af sp=0x0000000d2c6f4290 mode 2
Event: 5.755 Thread 0x0000020d464ed000 Uncommon trap: trap_request=0xffffff4d fr.pc=0x0000020d35445d6c relative=0x00000000000000cc
Event: 5.755 Thread 0x0000020d464ed000 Uncommon trap: reason=unstable_if action=reinterpret pc=0x0000020d35445d6c method=java.lang.String.getBytes([BIB)V @ 5 c2
Event: 5.755 Thread 0x0000020d464ed000 DEOPT PACKING pc=0x0000020d35445d6c sp=0x0000000d2c6f50f0
Event: 5.755 Thread 0x0000020d464ed000 DEOPT UNPACKING pc=0x0000020d2d9485af sp=0x0000000d2c6f5098 mode 2

Classes redefined (0 events):
No events

Internal exceptions (20 events):
Event: 5.239 Thread 0x0000020d464ed000 Exception <a 'java/security/PrivilegedActionException'{0x000000008a316120}> (0x000000008a316120) thrown at [src/hotspot/share/prims/jvm.cpp, line 1306]
Event: 5.287 Thread 0x0000020d464ed000 Exception <a 'java/security/PrivilegedActionException'{0x000000008a202c00}> (0x000000008a202c00) thrown at [src/hotspot/share/prims/jvm.cpp, line 1306]
Event: 5.287 Thread 0x0000020d464ed000 Exception <a 'java/security/PrivilegedActionException'{0x000000008a204168}> (0x000000008a204168) thrown at [src/hotspot/share/prims/jvm.cpp, line 1306]
Event: 5.287 Thread 0x0000020d464ed000 Exception <a 'java/security/PrivilegedActionException'{0x000000008a207008}> (0x000000008a207008) thrown at [src/hotspot/share/prims/jvm.cpp, line 1306]
Event: 5.287 Thread 0x0000020d464ed000 Exception <a 'java/security/PrivilegedActionException'{0x000000008a208570}> (0x000000008a208570) thrown at [src/hotspot/share/prims/jvm.cpp, line 1306]
Event: 5.287 Thread 0x0000020d464ed000 Exception <a 'java/security/PrivilegedActionException'{0x000000008a20b4c0}> (0x000000008a20b4c0) thrown at [src/hotspot/share/prims/jvm.cpp, line 1306]
Event: 5.287 Thread 0x0000020d464ed000 Exception <a 'java/security/PrivilegedActionException'{0x000000008a20ca28}> (0x000000008a20ca28) thrown at [src/hotspot/share/prims/jvm.cpp, line 1306]
Event: 5.287 Thread 0x0000020d464ed000 Exception <a 'java/security/PrivilegedActionException'{0x000000008a20f8d0}> (0x000000008a20f8d0) thrown at [src/hotspot/share/prims/jvm.cpp, line 1306]
Event: 5.287 Thread 0x0000020d464ed000 Exception <a 'java/security/PrivilegedActionException'{0x000000008a210e38}> (0x000000008a210e38) thrown at [src/hotspot/share/prims/jvm.cpp, line 1306]
Event: 5.287 Thread 0x0000020d464ed000 Exception <a 'java/security/PrivilegedActionException'{0x000000008a213d30}> (0x000000008a213d30) thrown at [src/hotspot/share/prims/jvm.cpp, line 1306]
Event: 5.287 Thread 0x0000020d464ed000 Exception <a 'java/security/PrivilegedActionException'{0x000000008a215298}> (0x000000008a215298) thrown at [src/hotspot/share/prims/jvm.cpp, line 1306]
Event: 5.287 Thread 0x0000020d464ed000 Exception <a 'java/security/PrivilegedActionException'{0x000000008a2181e8}> (0x000000008a2181e8) thrown at [src/hotspot/share/prims/jvm.cpp, line 1306]
Event: 5.287 Thread 0x0000020d464ed000 Exception <a 'java/security/PrivilegedActionException'{0x000000008a219750}> (0x000000008a219750) thrown at [src/hotspot/share/prims/jvm.cpp, line 1306]
Event: 5.482 Thread 0x0000020d464ed000 Exception <a 'java/lang/ClassNotFoundException'{0x0000000089ec09a8}: org/gradle/api/internal/plugins/DefaultObjectConfigurationActionBeanInfo> (0x0000000089ec09a8) thrown at [src/hotspot/share/classfile/systemDictionary.cpp, line 230]
Event: 5.482 Thread 0x0000020d464ed000 Exception <a 'java/lang/ClassNotFoundException'{0x0000000089ef6c30}: org/gradle/api/internal/plugins/DefaultObjectConfigurationActionCustomizer> (0x0000000089ef6c30) thrown at [src/hotspot/share/classfile/systemDictionary.cpp, line 230]
Event: 5.659 Thread 0x0000020d464ed000 Exception <a 'java/lang/NoSuchMethodError'{0x0000000089208b08}: 'java.lang.Object java.lang.invoke.DirectMethodHandle$Holder.invokeStatic(java.lang.Object, java.lang.Object, java.lang.Object, java.lang.Object, int)'> (0x0000000089208b08) thrown at [src/hotspot/share/interpreter/linkResolver.cpp, line 773]
Event: 5.659 Thread 0x0000020d464ed000 Exception <a 'java/lang/NoSuchMethodError'{0x000000008920d500}: 'java.lang.Object java.lang.invoke.DirectMethodHandle$Holder.invokeSpecial(java.lang.Object, java.lang.Object, java.lang.Object, java.lang.Object, java.lang.Object, int)'> (0x000000008920d500) thrown at [src/hotspot/share/interpreter/linkResolver.cpp, line 773]
Event: 5.659 Thread 0x0000020d464ed000 Exception <a 'java/lang/NoSuchMethodError'{0x0000000089211b40}: 'java.lang.Object java.lang.invoke.Invokers$Holder.linkToTargetMethod(java.lang.Object, java.lang.Object, java.lang.Object, int, java.lang.Object)'> (0x0000000089211b40) thrown at [src/hotspot/share/interpreter/linkResolver.cpp, line 773]
Event: 5.669 Thread 0x0000020d464ed000 Exception <a 'java/lang/NoSuchMethodError'{0x00000000892d9308}: 'java.lang.Object java.lang.invoke.Invokers$Holder.linkToTargetMethod(java.lang.Object, int, int, java.lang.Object)'> (0x00000000892d9308) thrown at [src/hotspot/share/interpreter/linkResolver.cpp, line 773]
Event: 5.671 Thread 0x0000020d464ed000 Exception <a 'java/lang/NoSuchMethodError'{0x00000000892f0c68}: 'java.lang.Object java.lang.invoke.DirectMethodHandle$Holder.invokeStatic(java.lang.Object, java.lang.Object, int, int, java.lang.Object, java.lang.Object)'> (0x00000000892f0c68) thrown at [src/hotspot/share/interpreter/linkResolver.cpp, line 773]

Events (20 events):
Event: 5.756 loading class kotlin/sequences/Sequence
Event: 5.756 loading class kotlin/sequences/Sequence done
Event: 5.757 loading class kotlin/text/StringsKt__StringsKt$rangesDelimitedBy$2
Event: 5.757 loading class kotlin/text/StringsKt__StringsKt$rangesDelimitedBy$2 done
Event: 5.757 loading class kotlin/text/StringsKt__StringsKt$splitToSequence$1
Event: 5.757 loading class kotlin/text/StringsKt__StringsKt$splitToSequence$1 done
Event: 5.758 loading class kotlin/sequences/SequencesKt
Event: 5.758 loading class kotlin/sequences/SequencesKt done
Event: 5.758 loading class kotlin/sequences/SequencesKt___SequencesKt
Event: 5.758 loading class kotlin/sequences/SequencesKt___SequencesKt done
Event: 5.763 loading class kotlin/sequences/SequencesKt___SequencesJvmKt
Event: 5.763 loading class kotlin/sequences/SequencesKt___SequencesJvmKt done
Event: 5.764 loading class kotlin/sequences/SequencesKt__SequencesKt
Event: 5.764 loading class kotlin/sequences/SequencesKt__SequencesKt done
Event: 5.764 loading class kotlin/sequences/SequencesKt__SequencesJVMKt
Event: 5.764 loading class kotlin/sequences/SequencesKt__SequencesJVMKt done
Event: 5.765 loading class kotlin/sequences/SequencesKt__SequenceBuilderKt
Event: 5.765 loading class kotlin/sequences/SequencesKt__SequenceBuilderKt done
Event: 5.766 loading class kotlin/sequences/TransformingSequence
Event: 5.766 loading class kotlin/sequences/TransformingSequence done


Dynamic libraries:
0x00007ff791e00000 - 0x00007ff791e0a000 	C:\Program Files\Android\Android Studio\jbr\bin\java.exe
0x00007ffdfa070000 - 0x00007ffdfa284000 	C:\WINDOWS\SYSTEM32\ntdll.dll
0x00007ffdf8ff0000 - 0x00007ffdf90b4000 	C:\WINDOWS\System32\KERNEL32.DLL
0x00007ffdf7830000 - 0x00007ffdf7bd4000 	C:\WINDOWS\System32\KERNELBASE.dll
0x00007ffdf75f0000 - 0x00007ffdf7701000 	C:\WINDOWS\System32\ucrtbase.dll
0x00007ffdefed0000 - 0x00007ffdefee7000 	C:\Program Files\Android\Android Studio\jbr\bin\jli.dll
0x00007ffdf8d30000 - 0x00007ffdf8eda000 	C:\WINDOWS\System32\USER32.dll
0x00007ffdf75c0000 - 0x00007ffdf75e6000 	C:\WINDOWS\System32\win32u.dll
0x00007ffdf8730000 - 0x00007ffdf8759000 	C:\WINDOWS\System32\GDI32.dll
0x00007ffdf7710000 - 0x00007ffdf7829000 	C:\WINDOWS\System32\gdi32full.dll
0x00007ffdf7c50000 - 0x00007ffdf7cea000 	C:\WINDOWS\System32\msvcp_win.dll
0x00007ffde8cc0000 - 0x00007ffde8cdb000 	C:\Program Files\Android\Android Studio\jbr\bin\VCRUNTIME140.dll
0x00007ffdc4ce0000 - 0x00007ffdc4f6f000 	C:\WINDOWS\WinSxS\amd64_microsoft.windows.common-controls_6595b64144ccf1df_6.0.22621.2070_none_2713e6537381f706\COMCTL32.dll
0x00007ffdf7e50000 - 0x00007ffdf7ef7000 	C:\WINDOWS\System32\msvcrt.dll
0x00007ffdf9960000 - 0x00007ffdf9991000 	C:\WINDOWS\System32\IMM32.DLL
0x00007ffdcdfa0000 - 0x00007ffdcdfac000 	C:\Program Files\Android\Android Studio\jbr\bin\vcruntime140_1.dll
0x00007ffdaa0b0000 - 0x00007ffdaa13d000 	C:\Program Files\Android\Android Studio\jbr\bin\msvcp140.dll
0x00007ffd6fd70000 - 0x00007ffd7092c000 	C:\Program Files\Android\Android Studio\jbr\bin\server\jvm.dll
0x00007ffdf9f80000 - 0x00007ffdfa030000 	C:\WINDOWS\System32\ADVAPI32.dll
0x00007ffdf9b80000 - 0x00007ffdf9c26000 	C:\WINDOWS\System32\sechost.dll
0x00007ffdf9d20000 - 0x00007ffdf9e37000 	C:\WINDOWS\System32\RPCRT4.dll
0x00007ffdf9f10000 - 0x00007ffdf9f18000 	C:\WINDOWS\System32\PSAPI.DLL
0x00007ffdc91a0000 - 0x00007ffdc91a9000 	C:\WINDOWS\SYSTEM32\WSOCK32.dll
0x00007ffdf9e40000 - 0x00007ffdf9eb1000 	C:\WINDOWS\System32\WS2_32.dll
0x00007ffdee470000 - 0x00007ffdee4a4000 	C:\WINDOWS\SYSTEM32\WINMM.dll
0x00007ffdee6f0000 - 0x00007ffdee6fa000 	C:\WINDOWS\SYSTEM32\VERSION.dll
0x00007ffdf6400000 - 0x00007ffdf6418000 	C:\WINDOWS\SYSTEM32\kernel.appcore.dll
0x00007ffde8820000 - 0x00007ffde8830000 	C:\Program Files\Android\Android Studio\jbr\bin\verify.dll
0x00007ffdf4820000 - 0x00007ffdf4a4e000 	C:\WINDOWS\SYSTEM32\DBGHELP.DLL
0x00007ffdf80a0000 - 0x00007ffdf842a000 	C:\WINDOWS\System32\combase.dll
0x00007ffdf9aa0000 - 0x00007ffdf9b77000 	C:\WINDOWS\System32\OLEAUT32.dll
0x00007ffdcef10000 - 0x00007ffdcef42000 	C:\WINDOWS\SYSTEM32\dbgcore.DLL
0x00007ffdf7cf0000 - 0x00007ffdf7d6a000 	C:\WINDOWS\System32\bcryptPrimitives.dll
0x00007ffddf730000 - 0x00007ffddf758000 	C:\Program Files\Android\Android Studio\jbr\bin\java.dll
0x00007ffde8540000 - 0x00007ffde854a000 	C:\Program Files\Android\Android Studio\jbr\bin\jimage.dll
0x00007ffddf690000 - 0x00007ffddf6a8000 	C:\Program Files\Android\Android Studio\jbr\bin\zip.dll
0x00007ffdf9140000 - 0x00007ffdf9956000 	C:\WINDOWS\System32\SHELL32.dll
0x00007ffdf5420000 - 0x00007ffdf5d0a000 	C:\WINDOWS\SYSTEM32\windows.storage.dll
0x00007ffdf52e0000 - 0x00007ffdf541e000 	C:\WINDOWS\SYSTEM32\wintypes.dll
0x00007ffdf99a0000 - 0x00007ffdf9a93000 	C:\WINDOWS\System32\SHCORE.dll
0x00007ffdf9f20000 - 0x00007ffdf9f7e000 	C:\WINDOWS\System32\shlwapi.dll
0x00007ffdf7380000 - 0x00007ffdf73a6000 	C:\WINDOWS\SYSTEM32\profapi.dll
0x00007ffddc950000 - 0x00007ffddc969000 	C:\Program Files\Android\Android Studio\jbr\bin\net.dll
0x00007ffdf0f30000 - 0x00007ffdf1067000 	C:\WINDOWS\SYSTEM32\WINHTTP.dll
0x00007ffdf6910000 - 0x00007ffdf6979000 	C:\WINDOWS\system32\mswsock.dll
0x00007ffddc930000 - 0x00007ffddc943000 	C:\Program Files\Android\Android Studio\jbr\bin\nio.dll
0x00007ffdab700000 - 0x00007ffdab727000 	C:\Users\Acer\.gradle\native\e1d6ef7f7dcc3fd88c89a11ec53ec762bb8ba0a96d01ffa2cd45eb1d1d8dd5c5\windows-amd64\native-platform.dll
0x00007ffda9f60000 - 0x00007ffdaa0a4000 	C:\Users\Acer\.gradle\native\0d407fdbe67a94daf76414ababcb853783967236a71b16ec16e742cd7a986fd3\windows-amd64\native-platform-file-events.dll
0x00007ffde84f0000 - 0x00007ffde84fa000 	C:\Program Files\Android\Android Studio\jbr\bin\management.dll
0x00007ffde8480000 - 0x00007ffde848b000 	C:\Program Files\Android\Android Studio\jbr\bin\management_ext.dll
0x00007ffdf6b60000 - 0x00007ffdf6b7b000 	C:\WINDOWS\SYSTEM32\CRYPTSP.dll
0x00007ffdf6420000 - 0x00007ffdf6455000 	C:\WINDOWS\system32\rsaenh.dll
0x00007ffdf6a00000 - 0x00007ffdf6a2c000 	C:\WINDOWS\SYSTEM32\USERENV.dll
0x00007ffdf6d00000 - 0x00007ffdf6d28000 	C:\WINDOWS\SYSTEM32\bcrypt.dll
0x00007ffdf6b80000 - 0x00007ffdf6b8c000 	C:\WINDOWS\SYSTEM32\CRYPTBASE.dll
0x00007ffdf5f70000 - 0x00007ffdf5f9d000 	C:\WINDOWS\SYSTEM32\IPHLPAPI.DLL
0x00007ffdf9130000 - 0x00007ffdf9139000 	C:\WINDOWS\System32\NSI.dll
0x00007ffdf06c0000 - 0x00007ffdf06d9000 	C:\WINDOWS\SYSTEM32\dhcpcsvc6.DLL
0x00007ffdf06a0000 - 0x00007ffdf06bf000 	C:\WINDOWS\SYSTEM32\dhcpcsvc.DLL
0x00007ffdf5fe0000 - 0x00007ffdf60d3000 	C:\WINDOWS\SYSTEM32\DNSAPI.dll

dbghelp: loaded successfully - version: 4.0.5 - missing functions: none
symbol engine: initialized successfully - sym options: 0x614 - pdb path: .;C:\Program Files\Android\Android Studio\jbr\bin;C:\WINDOWS\SYSTEM32;C:\WINDOWS\WinSxS\amd64_microsoft.windows.common-controls_6595b64144ccf1df_6.0.22621.2070_none_2713e6537381f706;C:\Program Files\Android\Android Studio\jbr\bin\server;C:\Users\Acer\.gradle\native\e1d6ef7f7dcc3fd88c89a11ec53ec762bb8ba0a96d01ffa2cd45eb1d1d8dd5c5\windows-amd64;C:\Users\Acer\.gradle\native\0d407fdbe67a94daf76414ababcb853783967236a71b16ec16e742cd7a986fd3\windows-amd64

VM Arguments:
jvm_args: --add-opens=java.base/java.util=ALL-UNNAMED --add-opens=java.base/java.lang=ALL-UNNAMED --add-opens=java.base/java.lang.invoke=ALL-UNNAMED --add-opens=java.base/java.util=ALL-UNNAMED --add-opens=java.prefs/java.util.prefs=ALL-UNNAMED --add-opens=java.prefs/java.util.prefs=ALL-UNNAMED --add-opens=java.base/java.nio.charset=ALL-UNNAMED --add-opens=java.base/java.net=ALL-UNNAMED --add-opens=java.base/java.util.concurrent.atomic=ALL-UNNAMED -Xmx2048m -Dfile.encoding=UTF-8 -Duser.country=US -Duser.language=en -Duser.variant 
java_command: org.gradle.launcher.daemon.bootstrap.GradleDaemon 7.5
java_class_path (initial): C:\Users\Acer\.gradle\wrapper\dists\gradle-7.5-bin\f1w0cc9nuo0eivz97x2xlu9sv\gradle-7.5\lib\gradle-launcher-7.5.jar
Launcher Type: SUN_STANDARD

[Global flags]
     intx CICompilerCount                          = 4                                         {product} {ergonomic}
     uint ConcGCThreads                            = 2                                         {product} {ergonomic}
     uint G1ConcRefinementThreads                  = 8                                         {product} {ergonomic}
   size_t G1HeapRegionSize                         = 1048576                                   {product} {ergonomic}
    uintx GCDrainStackTargetSize                   = 64                                        {product} {ergonomic}
   size_t InitialHeapSize                          = 266338304                                 {product} {ergonomic}
   size_t MarkStackSize                            = 4194304                                   {product} {ergonomic}
   size_t MaxHeapSize                              = 2147483648                                {product} {command line}
   size_t MaxNewSize                               = 1287651328                                {product} {ergonomic}
   size_t MinHeapDeltaBytes                        = 1048576                                   {product} {ergonomic}
    uintx NonNMethodCodeHeapSize                   = 5836300                                {pd product} {ergonomic}
    uintx NonProfiledCodeHeapSize                  = 122910970                              {pd product} {ergonomic}
    uintx ProfiledCodeHeapSize                     = 122910970                              {pd product} {ergonomic}
    uintx ReservedCodeCacheSize                    = 251658240                              {pd product} {ergonomic}
     bool SegmentedCodeCache                       = true                                      {product} {ergonomic}
     bool UseCompressedClassPointers               = true                                 {lp64_product} {ergonomic}
     bool UseCompressedOops                        = true                                 {lp64_product} {ergonomic}
     bool UseG1GC                                  = true                                      {product} {ergonomic}
     bool UseLargePagesIndividualAllocation        = false                                  {pd product} {ergonomic}

Logging:
Log output configuration:
 #0: stdout all=warning uptime,level,tags
 #1: stderr all=off uptime,level,tags

Environment Variables:
PATH=C:\Program Files\Microsoft\jdk-11.0.16.101-hotspot\bin;C:\WINDOWS\system32;C:\WINDOWS;C:\WINDOWS\System32\Wbem;C:\WINDOWS\System32\WindowsPowerShell\v1.0\;C:\WINDOWS\System32\OpenSSH\;C:\Program Files\Git\cmd;C:\Users\Acer\AppData\Local\Programs\Python\Python39;C:\Users\Acer\AppData\Local\Programs\Python\Python39\Scripts;C:\Program Files\nodejs\;C:\Program Files\dotnet\;C:\Program Files\Microsoft SQL Server\150\Tools\Binn\;C:\Program Files\Microsoft SQL Server\Client SDK\ODBC\170\Tools\Binn\;C:\ProgramData\chocolatey\bin;C:\Program Files\Go\bin;C:\Users\Acer\AppData\Local\Microsoft\WindowsApps;C:\Users\Acer\AppData\Local\Programs\Microsoft VS Code\bin;C:\Program Files\JetBrains\PyCharm Community Edition 2023.1\bin;;C:\Users\Acer\AppData\Local\GitHubDesktop\bin;C:\Users\Acer\AppData\Roaming\npm;C:\Users\Acer\.dotnet\tools;C:\Users\Acer\go\bin
USERNAME=Acer
OS=Windows_NT
PROCESSOR_IDENTIFIER=Intel64 Family 6 Model 140 Stepping 1, GenuineIntel



---------------  S Y S T E M  ---------------

OS: Windows 11 , 64 bit Build 22621 (10.0.22621.2070)
OS uptime: 0 days 12:33 hours

CPU:total 8 (initial active 8) (4 cores per cpu, 2 threads per core) family 6 model 140 stepping 1 microcode 0xa4, cmov, cx8, fxsr, mmx, sse, sse2, sse3, ssse3, sse4.1, sse4.2, popcnt, avx, avx2, aes, clmul, erms, 3dnowpref, lzcnt, ht, tsc, tscinvbit, bmi1, bmi2, adx, evex, sha, fma

Memory: 4k page, system-wide physical 16179M (883M free)
TotalPageFile size 19097M (AvailPageFile size 2M)
current process WorkingSet (physical memory assigned to process): 325M, peak: 325M
current process commit charge ("private bytes"): 469M, peak: 470M

vm_info: OpenJDK 64-Bit Server VM (11.0.15+0-b2043.56-9505619) for windows-amd64 JRE (11.0.15+0-b2043.56-9505619), built on Jan 19 2023 02:48:00 by "builduser" with unknown MS VC++:1929

END.
